2023-03-22 09:11:07.278 [getRedisMessageListenerContainer-6] INFO  com.wang.web.listener.RedisKeyExpirationListener - 失效的Key是:ReconcKey:refundBill:businessTypeList
2023-03-22 09:11:07.592 [getRedisMessageListenerContainer-13] INFO  com.wang.web.listener.RedisKeyExpirationListener - 失效的Key是:ReconcKey:zfbBill:businessTypeList
2023-03-22 09:11:07.593 [getRedisMessageListenerContainer-9] INFO  com.wang.web.listener.RedisKeyExpirationListener - 失效的Key是:ReconcKey:hisBill:businessTypeList
2023-03-22 09:11:07.593 [getRedisMessageListenerContainer-8] INFO  com.wang.web.listener.RedisKeyExpirationListener - 失效的Key是:ReconcKey:zfbBill:payTypeList
2023-03-22 09:11:07.594 [getRedisMessageListenerContainer-5] INFO  com.wang.web.listener.RedisKeyExpirationListener - 失效的Key是:ReconcKey:zfbBill:serviceChannelList
2023-03-22 09:11:07.594 [getRedisMessageListenerContainer-4] INFO  com.wang.web.listener.RedisKeyExpirationListener - 失效的Key是:ReconcKey:refundBill:serviceChannelList
2023-03-22 09:11:07.594 [getRedisMessageListenerContainer-11] INFO  com.wang.web.listener.RedisKeyExpirationListener - 失效的Key是:ReconcKey:hisBill:serviceChannelList
2023-03-22 09:11:07.593 [getRedisMessageListenerContainer-12] INFO  com.wang.web.listener.RedisKeyExpirationListener - 失效的Key是:ReconcKey:hisBill:payTypeList
2023-03-22 09:11:07.594 [getRedisMessageListenerContainer-10] INFO  com.wang.web.listener.RedisKeyExpirationListener - 失效的Key是:ReconcKey:refundBill:tollCollectorList
2023-03-22 09:11:07.594 [getRedisMessageListenerContainer-7] INFO  com.wang.web.listener.RedisKeyExpirationListener - 失效的Key是:ReconcKey:refundBill:payTypeList
2023-03-22 09:11:08.586 [org.springframework.amqp.rabbit.RabbitListenerEndpointContainer#0-1] INFO  o.s.a.r.listener.SimpleMessageListenerContainer - Restarting Consumer@4548bfc7: tags=[[amq.ctag-zQFteM8pEm3ytB0afgXj8w]], channel=Cached Rabbit Channel: PublisherCallbackChannelImpl: AMQChannel(amqp://guest@127.0.0.1:5672/,1), conn: Proxy@682fc714 Shared Rabbit Connection: SimpleConnection@268ee31d [delegate=amqp://guest@127.0.0.1:5672/, localPort= 62230], acknowledgeMode=MANUAL local queue size=0
2023-03-22 09:11:09.319 [org.springframework.amqp.rabbit.RabbitListenerEndpointContainer#0-2] INFO  o.s.a.rabbit.connection.CachingConnectionFactory - Attempting to connect to: [127.0.0.1:5672]
2023-03-22 09:11:09.479 [org.springframework.amqp.rabbit.RabbitListenerEndpointContainer#0-2] INFO  o.s.a.rabbit.connection.CachingConnectionFactory - Created new connection: rabbitConnectionFactory#42ea14b8:1/SimpleConnection@73cec7b4 [delegate=amqp://guest@127.0.0.1:5672/, localPort= 64263]
2023-03-22 09:28:51.270 [main] INFO  com.wang.web.WebapiApplication - Starting WebapiApplication using Java 11.0.18 on DESKTOP-32AM1JO with PID 6664 (C:\MyFile\project\Java\GK\wky\wky-webApi\target\classes started by 12636 in C:\MyFile\project\Java\GK\wky)
2023-03-22 09:28:51.273 [main] INFO  com.wang.web.WebapiApplication - No active profile set, falling back to 1 default profile: "default"
2023-03-22 09:28:53.029 [main] INFO  o.s.d.r.config.RepositoryConfigurationDelegate - Multiple Spring Data modules found, entering strict repository configuration mode
2023-03-22 09:28:53.031 [main] INFO  o.s.d.r.config.RepositoryConfigurationDelegate - Bootstrapping Spring Data Redis repositories in DEFAULT mode.
2023-03-22 09:28:53.097 [main] INFO  o.s.d.r.config.RepositoryConfigurationDelegate - Finished Spring Data repository scanning in 19 ms. Found 0 Redis repository interfaces.
2023-03-22 09:28:54.308 [main] INFO  o.s.boot.web.embedded.tomcat.TomcatWebServer - Tomcat initialized with port(s): 8088 (http)
2023-03-22 09:28:54.341 [main] INFO  org.apache.coyote.http11.Http11NioProtocol - Initializing ProtocolHandler ["http-nio-8088"]
2023-03-22 09:28:54.341 [main] INFO  org.apache.catalina.core.StandardService - Starting service [Tomcat]
2023-03-22 09:28:54.341 [main] INFO  org.apache.catalina.core.StandardEngine - Starting Servlet engine: [Apache Tomcat/9.0.64]
2023-03-22 09:28:54.515 [main] INFO  o.a.c.core.ContainerBase.[Tomcat].[localhost].[/] - Initializing Spring embedded WebApplicationContext
2023-03-22 09:28:54.515 [main] INFO  o.s.b.w.s.c.ServletWebServerApplicationContext - Root WebApplicationContext: initialization completed in 3177 ms
2023-03-22 09:28:55.385 [main] INFO  com.alibaba.druid.pool.DruidDataSource - {dataSource-1} inited
2023-03-22 09:28:57.596 [main] INFO  org.apache.coyote.http11.Http11NioProtocol - Starting ProtocolHandler ["http-nio-8088"]
2023-03-22 09:28:57.626 [main] INFO  o.s.boot.web.embedded.tomcat.TomcatWebServer - Tomcat started on port(s): 8088 (http) with context path ''
2023-03-22 09:28:57.639 [main] INFO  o.s.a.rabbit.connection.CachingConnectionFactory - Attempting to connect to: [127.0.0.1:5672]
2023-03-22 09:28:57.683 [main] INFO  o.s.a.rabbit.connection.CachingConnectionFactory - Created new connection: rabbitConnectionFactory#4379fe2a:0/SimpleConnection@996126b [delegate=amqp://guest@127.0.0.1:5672/, localPort= 65090]
2023-03-22 09:28:57.779 [main] INFO  com.wang.web.WebapiApplication - Started WebapiApplication in 7.802 seconds (JVM running for 12.827)
2023-03-22 09:55:02.336 [main] INFO  com.wang.web.WebapiApplication - Starting WebapiApplication using Java 11.0.18 on DESKTOP-32AM1JO with PID 15124 (C:\MyFile\project\Java\GK\wky\wky-webApi\target\classes started by 12636 in C:\MyFile\project\Java\GK\wky)
2023-03-22 09:55:02.340 [main] INFO  com.wang.web.WebapiApplication - No active profile set, falling back to 1 default profile: "default"
2023-03-22 09:55:03.899 [main] INFO  o.s.d.r.config.RepositoryConfigurationDelegate - Multiple Spring Data modules found, entering strict repository configuration mode
2023-03-22 09:55:03.903 [main] INFO  o.s.d.r.config.RepositoryConfigurationDelegate - Bootstrapping Spring Data Redis repositories in DEFAULT mode.
2023-03-22 09:55:03.978 [main] INFO  o.s.d.r.config.RepositoryConfigurationDelegate - Finished Spring Data repository scanning in 20 ms. Found 0 Redis repository interfaces.
2023-03-22 09:55:05.435 [main] INFO  o.s.boot.web.embedded.tomcat.TomcatWebServer - Tomcat initialized with port(s): 8089 (http)
2023-03-22 09:55:05.480 [main] INFO  org.apache.coyote.http11.Http11NioProtocol - Initializing ProtocolHandler ["http-nio-8089"]
2023-03-22 09:55:05.481 [main] INFO  org.apache.catalina.core.StandardService - Starting service [Tomcat]
2023-03-22 09:55:05.481 [main] INFO  org.apache.catalina.core.StandardEngine - Starting Servlet engine: [Apache Tomcat/9.0.64]
2023-03-22 09:55:05.668 [main] INFO  o.a.c.core.ContainerBase.[Tomcat].[localhost].[/] - Initializing Spring embedded WebApplicationContext
2023-03-22 09:55:05.669 [main] INFO  o.s.b.w.s.c.ServletWebServerApplicationContext - Root WebApplicationContext: initialization completed in 3230 ms
2023-03-22 09:55:06.832 [main] INFO  com.alibaba.druid.pool.DruidDataSource - {dataSource-1} inited
2023-03-22 09:55:09.165 [main] INFO  org.apache.coyote.http11.Http11NioProtocol - Starting ProtocolHandler ["http-nio-8089"]
2023-03-22 09:55:09.199 [main] INFO  o.s.boot.web.embedded.tomcat.TomcatWebServer - Tomcat started on port(s): 8089 (http) with context path ''
2023-03-22 09:55:09.210 [main] INFO  o.s.a.rabbit.connection.CachingConnectionFactory - Attempting to connect to: [127.0.0.1:5672]
2023-03-22 09:55:09.272 [main] INFO  o.s.a.rabbit.connection.CachingConnectionFactory - Created new connection: rabbitConnectionFactory#34eced9e:0/SimpleConnection@1219b008 [delegate=amqp://guest@127.0.0.1:5672/, localPort= 50198]
2023-03-22 09:55:09.382 [main] INFO  com.wang.web.WebapiApplication - Started WebapiApplication in 8.874 seconds (JVM running for 11.751)
2023-03-22 09:55:50.198 [http-nio-8089-exec-1] INFO  o.a.c.core.ContainerBase.[Tomcat].[localhost].[/] - Initializing Spring DispatcherServlet 'dispatcherServlet'
2023-03-22 09:55:50.198 [http-nio-8089-exec-1] INFO  org.springframework.web.servlet.DispatcherServlet - Initializing Servlet 'dispatcherServlet'
2023-03-22 09:55:50.200 [http-nio-8089-exec-1] INFO  org.springframework.web.servlet.DispatcherServlet - Completed initialization in 1 ms
2023-03-22 10:16:30.133 [main] INFO  com.wang.web.WebapiApplication - Starting WebapiApplication using Java 11.0.18 on DESKTOP-32AM1JO with PID 4004 (C:\MyFile\project\Java\GK\wky\wky-webApi\target\classes started by 12636 in C:\MyFile\project\Java\GK\wky)
2023-03-22 10:16:30.136 [main] INFO  com.wang.web.WebapiApplication - No active profile set, falling back to 1 default profile: "default"
2023-03-22 10:16:31.981 [main] INFO  o.s.d.r.config.RepositoryConfigurationDelegate - Multiple Spring Data modules found, entering strict repository configuration mode
2023-03-22 10:16:31.987 [main] INFO  o.s.d.r.config.RepositoryConfigurationDelegate - Bootstrapping Spring Data Redis repositories in DEFAULT mode.
2023-03-22 10:16:32.054 [main] INFO  o.s.d.r.config.RepositoryConfigurationDelegate - Finished Spring Data repository scanning in 21 ms. Found 0 Redis repository interfaces.
2023-03-22 10:16:33.494 [main] INFO  o.s.boot.web.embedded.tomcat.TomcatWebServer - Tomcat initialized with port(s): 8089 (http)
2023-03-22 10:16:33.515 [main] INFO  org.apache.coyote.http11.Http11NioProtocol - Initializing ProtocolHandler ["http-nio-8089"]
2023-03-22 10:16:33.515 [main] INFO  org.apache.catalina.core.StandardService - Starting service [Tomcat]
2023-03-22 10:16:33.515 [main] INFO  org.apache.catalina.core.StandardEngine - Starting Servlet engine: [Apache Tomcat/9.0.64]
2023-03-22 10:16:33.683 [main] INFO  o.a.c.core.ContainerBase.[Tomcat].[localhost].[/] - Initializing Spring embedded WebApplicationContext
2023-03-22 10:16:33.683 [main] INFO  o.s.b.w.s.c.ServletWebServerApplicationContext - Root WebApplicationContext: initialization completed in 3432 ms
2023-03-22 10:16:34.804 [main] INFO  com.alibaba.druid.pool.DruidDataSource - {dataSource-1} inited
2023-03-22 10:16:37.454 [main] INFO  org.apache.coyote.http11.Http11NioProtocol - Starting ProtocolHandler ["http-nio-8089"]
2023-03-22 10:16:37.489 [main] INFO  o.s.boot.web.embedded.tomcat.TomcatWebServer - Tomcat started on port(s): 8089 (http) with context path ''
2023-03-22 10:16:37.502 [main] INFO  o.s.a.rabbit.connection.CachingConnectionFactory - Attempting to connect to: [127.0.0.1:5672]
2023-03-22 10:16:37.566 [main] INFO  o.s.a.rabbit.connection.CachingConnectionFactory - Created new connection: rabbitConnectionFactory#7fcbc336:0/SimpleConnection@1a7f2d34 [delegate=amqp://guest@127.0.0.1:5672/, localPort= 50276]
2023-03-22 10:16:37.675 [main] INFO  com.wang.web.WebapiApplication - Started WebapiApplication in 8.463 seconds (JVM running for 13.016)
2023-03-22 10:17:36.562 [http-nio-8089-exec-1] INFO  o.a.c.core.ContainerBase.[Tomcat].[localhost].[/] - Initializing Spring DispatcherServlet 'dispatcherServlet'
2023-03-22 10:17:36.564 [http-nio-8089-exec-1] INFO  org.springframework.web.servlet.DispatcherServlet - Initializing Servlet 'dispatcherServlet'
2023-03-22 10:17:36.565 [http-nio-8089-exec-1] INFO  org.springframework.web.servlet.DispatcherServlet - Completed initialization in 1 ms
2023-03-22 10:18:05.549 [main] INFO  com.wang.web.WebapiApplication - Starting WebapiApplication using Java 11.0.18 on DESKTOP-32AM1JO with PID 5760 (C:\MyFile\project\Java\GK\wky\wky-webApi\target\classes started by 12636 in C:\MyFile\project\Java\GK\wky)
2023-03-22 10:18:05.555 [main] INFO  com.wang.web.WebapiApplication - No active profile set, falling back to 1 default profile: "default"
2023-03-22 10:18:07.172 [main] INFO  o.s.d.r.config.RepositoryConfigurationDelegate - Multiple Spring Data modules found, entering strict repository configuration mode
2023-03-22 10:18:07.177 [main] INFO  o.s.d.r.config.RepositoryConfigurationDelegate - Bootstrapping Spring Data Redis repositories in DEFAULT mode.
2023-03-22 10:18:07.269 [main] INFO  o.s.d.r.config.RepositoryConfigurationDelegate - Finished Spring Data repository scanning in 19 ms. Found 0 Redis repository interfaces.
2023-03-22 10:18:08.711 [main] INFO  o.s.boot.web.embedded.tomcat.TomcatWebServer - Tomcat initialized with port(s): 8088 (http)
2023-03-22 10:18:08.761 [main] INFO  org.apache.coyote.http11.Http11NioProtocol - Initializing ProtocolHandler ["http-nio-8088"]
2023-03-22 10:18:08.761 [main] INFO  org.apache.catalina.core.StandardService - Starting service [Tomcat]
2023-03-22 10:18:08.762 [main] INFO  org.apache.catalina.core.StandardEngine - Starting Servlet engine: [Apache Tomcat/9.0.64]
2023-03-22 10:18:08.944 [main] INFO  o.a.c.core.ContainerBase.[Tomcat].[localhost].[/] - Initializing Spring embedded WebApplicationContext
2023-03-22 10:18:08.944 [main] INFO  o.s.b.w.s.c.ServletWebServerApplicationContext - Root WebApplicationContext: initialization completed in 3273 ms
2023-03-22 10:18:10.090 [main] INFO  com.alibaba.druid.pool.DruidDataSource - {dataSource-1} inited
2023-03-22 10:18:12.301 [main] INFO  org.apache.coyote.http11.Http11NioProtocol - Starting ProtocolHandler ["http-nio-8088"]
2023-03-22 10:18:12.333 [main] INFO  o.s.boot.web.embedded.tomcat.TomcatWebServer - Tomcat started on port(s): 8088 (http) with context path ''
2023-03-22 10:18:12.345 [main] INFO  o.s.a.rabbit.connection.CachingConnectionFactory - Attempting to connect to: [127.0.0.1:5672]
2023-03-22 10:18:12.399 [main] INFO  o.s.a.rabbit.connection.CachingConnectionFactory - Created new connection: rabbitConnectionFactory#24a8a445:0/SimpleConnection@1bea145f [delegate=amqp://guest@127.0.0.1:5672/, localPort= 50342]
2023-03-22 10:18:12.493 [main] INFO  com.wang.web.WebapiApplication - Started WebapiApplication in 8.485 seconds (JVM running for 11.042)
2023-03-22 10:18:21.638 [http-nio-8088-exec-1] INFO  o.a.c.core.ContainerBase.[Tomcat].[localhost].[/] - Initializing Spring DispatcherServlet 'dispatcherServlet'
2023-03-22 10:18:21.638 [http-nio-8088-exec-1] INFO  org.springframework.web.servlet.DispatcherServlet - Initializing Servlet 'dispatcherServlet'
2023-03-22 10:18:21.640 [http-nio-8088-exec-1] INFO  org.springframework.web.servlet.DispatcherServlet - Completed initialization in 1 ms
2023-03-22 10:20:05.467 [main] INFO  com.wang.web.WebapiApplication - Starting WebapiApplication using Java 11.0.18 on DESKTOP-32AM1JO with PID 8796 (C:\MyFile\project\Java\GK\wky\wky-webApi\target\classes started by 12636 in C:\MyFile\project\Java\GK\wky)
2023-03-22 10:20:05.471 [main] INFO  com.wang.web.WebapiApplication - No active profile set, falling back to 1 default profile: "default"
2023-03-22 10:20:07.249 [main] INFO  o.s.d.r.config.RepositoryConfigurationDelegate - Multiple Spring Data modules found, entering strict repository configuration mode
2023-03-22 10:20:07.257 [main] INFO  o.s.d.r.config.RepositoryConfigurationDelegate - Bootstrapping Spring Data Redis repositories in DEFAULT mode.
2023-03-22 10:20:07.348 [main] INFO  o.s.d.r.config.RepositoryConfigurationDelegate - Finished Spring Data repository scanning in 22 ms. Found 0 Redis repository interfaces.
2023-03-22 10:20:08.984 [main] INFO  o.s.boot.web.embedded.tomcat.TomcatWebServer - Tomcat initialized with port(s): 8088 (http)
2023-03-22 10:20:09.031 [main] INFO  org.apache.coyote.http11.Http11NioProtocol - Initializing ProtocolHandler ["http-nio-8088"]
2023-03-22 10:20:09.031 [main] INFO  org.apache.catalina.core.StandardService - Starting service [Tomcat]
2023-03-22 10:20:09.032 [main] INFO  org.apache.catalina.core.StandardEngine - Starting Servlet engine: [Apache Tomcat/9.0.64]
2023-03-22 10:20:09.214 [main] INFO  o.a.c.core.ContainerBase.[Tomcat].[localhost].[/] - Initializing Spring embedded WebApplicationContext
2023-03-22 10:20:09.214 [main] INFO  o.s.b.w.s.c.ServletWebServerApplicationContext - Root WebApplicationContext: initialization completed in 3654 ms
2023-03-22 10:20:10.491 [main] INFO  com.alibaba.druid.pool.DruidDataSource - {dataSource-1} inited
2023-03-22 10:20:13.430 [main] INFO  org.apache.coyote.http11.Http11NioProtocol - Starting ProtocolHandler ["http-nio-8088"]
2023-03-22 10:20:13.464 [main] INFO  o.s.boot.web.embedded.tomcat.TomcatWebServer - Tomcat started on port(s): 8088 (http) with context path ''
2023-03-22 10:20:13.475 [main] INFO  o.s.a.rabbit.connection.CachingConnectionFactory - Attempting to connect to: [127.0.0.1:5672]
2023-03-22 10:20:13.535 [main] INFO  o.s.a.rabbit.connection.CachingConnectionFactory - Created new connection: rabbitConnectionFactory#6052b877:0/SimpleConnection@310d4653 [delegate=amqp://guest@127.0.0.1:5672/, localPort= 50449]
2023-03-22 10:20:13.651 [main] INFO  com.wang.web.WebapiApplication - Started WebapiApplication in 9.847 seconds (JVM running for 12.403)
2023-03-22 10:20:52.957 [main] INFO  com.wang.web.WebapiApplication - Starting WebapiApplication using Java 11.0.18 on DESKTOP-32AM1JO with PID 2896 (C:\MyFile\project\Java\GK\wky\wky-webApi\target\classes started by 12636 in C:\MyFile\project\Java\GK\wky)
2023-03-22 10:20:52.961 [main] INFO  com.wang.web.WebapiApplication - No active profile set, falling back to 1 default profile: "default"
2023-03-22 10:20:54.095 [main] INFO  o.s.d.r.config.RepositoryConfigurationDelegate - Multiple Spring Data modules found, entering strict repository configuration mode
2023-03-22 10:20:54.100 [main] INFO  o.s.d.r.config.RepositoryConfigurationDelegate - Bootstrapping Spring Data Redis repositories in DEFAULT mode.
2023-03-22 10:20:54.171 [main] INFO  o.s.d.r.config.RepositoryConfigurationDelegate - Finished Spring Data repository scanning in 41 ms. Found 0 Redis repository interfaces.
2023-03-22 10:20:55.382 [main] INFO  o.s.boot.web.embedded.tomcat.TomcatWebServer - Tomcat initialized with port(s): 8089 (http)
2023-03-22 10:20:55.397 [main] INFO  org.apache.coyote.http11.Http11NioProtocol - Initializing ProtocolHandler ["http-nio-8089"]
2023-03-22 10:20:55.397 [main] INFO  org.apache.catalina.core.StandardService - Starting service [Tomcat]
2023-03-22 10:20:55.398 [main] INFO  org.apache.catalina.core.StandardEngine - Starting Servlet engine: [Apache Tomcat/9.0.64]
2023-03-22 10:20:55.532 [main] INFO  o.a.c.core.ContainerBase.[Tomcat].[localhost].[/] - Initializing Spring embedded WebApplicationContext
2023-03-22 10:20:55.532 [main] INFO  o.s.b.w.s.c.ServletWebServerApplicationContext - Root WebApplicationContext: initialization completed in 2509 ms
2023-03-22 10:20:56.151 [main] INFO  com.alibaba.druid.pool.DruidDataSource - {dataSource-1} inited
2023-03-22 10:20:57.955 [main] INFO  org.apache.coyote.http11.Http11NioProtocol - Starting ProtocolHandler ["http-nio-8089"]
2023-03-22 10:20:58.001 [main] INFO  o.s.boot.web.embedded.tomcat.TomcatWebServer - Tomcat started on port(s): 8089 (http) with context path ''
2023-03-22 10:20:58.011 [main] INFO  o.s.a.rabbit.connection.CachingConnectionFactory - Attempting to connect to: [127.0.0.1:5672]
2023-03-22 10:20:58.046 [main] INFO  o.s.a.rabbit.connection.CachingConnectionFactory - Created new connection: rabbitConnectionFactory#1c681761:0/SimpleConnection@276eafad [delegate=amqp://guest@127.0.0.1:5672/, localPort= 50556]
2023-03-22 10:20:58.122 [main] INFO  com.wang.web.WebapiApplication - Started WebapiApplication in 5.964 seconds (JVM running for 8.175)
2023-03-22 10:21:05.481 [http-nio-8089-exec-1] INFO  o.a.c.core.ContainerBase.[Tomcat].[localhost].[/] - Initializing Spring DispatcherServlet 'dispatcherServlet'
2023-03-22 10:21:05.482 [http-nio-8089-exec-1] INFO  org.springframework.web.servlet.DispatcherServlet - Initializing Servlet 'dispatcherServlet'
2023-03-22 10:21:05.483 [http-nio-8089-exec-1] INFO  org.springframework.web.servlet.DispatcherServlet - Completed initialization in 1 ms
2023-03-22 10:21:06.572 [http-nio-8088-exec-1] INFO  o.a.c.core.ContainerBase.[Tomcat].[localhost].[/] - Initializing Spring DispatcherServlet 'dispatcherServlet'
2023-03-22 10:21:06.573 [http-nio-8088-exec-1] INFO  org.springframework.web.servlet.DispatcherServlet - Initializing Servlet 'dispatcherServlet'
2023-03-22 10:21:06.576 [http-nio-8088-exec-1] INFO  org.springframework.web.servlet.DispatcherServlet - Completed initialization in 3 ms
2023-03-22 11:07:53.557 [main] INFO  com.wang.web.WebapiApplication - Starting WebapiApplication using Java 11.0.18 on DESKTOP-32AM1JO with PID 16688 (C:\MyFile\project\Java\GK\wky\wky-webApi\target\classes started by 12636 in C:\MyFile\project\Java\GK\wky)
2023-03-22 11:07:53.560 [main] INFO  com.wang.web.WebapiApplication - No active profile set, falling back to 1 default profile: "default"
2023-03-22 11:07:55.021 [main] INFO  o.s.d.r.config.RepositoryConfigurationDelegate - Multiple Spring Data modules found, entering strict repository configuration mode
2023-03-22 11:07:55.024 [main] INFO  o.s.d.r.config.RepositoryConfigurationDelegate - Bootstrapping Spring Data Redis repositories in DEFAULT mode.
2023-03-22 11:07:55.114 [main] INFO  o.s.d.r.config.RepositoryConfigurationDelegate - Finished Spring Data repository scanning in 20 ms. Found 0 Redis repository interfaces.
2023-03-22 11:07:56.632 [main] INFO  o.s.boot.web.embedded.tomcat.TomcatWebServer - Tomcat initialized with port(s): 8088 (http)
2023-03-22 11:07:56.676 [main] INFO  org.apache.coyote.http11.Http11NioProtocol - Initializing ProtocolHandler ["http-nio-8088"]
2023-03-22 11:07:56.676 [main] INFO  org.apache.catalina.core.StandardService - Starting service [Tomcat]
2023-03-22 11:07:56.676 [main] INFO  org.apache.catalina.core.StandardEngine - Starting Servlet engine: [Apache Tomcat/9.0.64]
2023-03-22 11:07:56.857 [main] INFO  o.a.c.core.ContainerBase.[Tomcat].[localhost].[/] - Initializing Spring embedded WebApplicationContext
2023-03-22 11:07:56.857 [main] INFO  o.s.b.w.s.c.ServletWebServerApplicationContext - Root WebApplicationContext: initialization completed in 3207 ms
2023-03-22 11:07:58.023 [main] INFO  com.alibaba.druid.pool.DruidDataSource - {dataSource-1} inited
2023-03-22 11:08:00.507 [main] INFO  org.apache.coyote.http11.Http11NioProtocol - Starting ProtocolHandler ["http-nio-8088"]
2023-03-22 11:08:00.544 [main] INFO  o.s.boot.web.embedded.tomcat.TomcatWebServer - Tomcat started on port(s): 8088 (http) with context path ''
2023-03-22 11:08:00.555 [main] INFO  o.s.a.rabbit.connection.CachingConnectionFactory - Attempting to connect to: [127.0.0.1:5672]
2023-03-22 11:08:00.613 [main] INFO  o.s.a.rabbit.connection.CachingConnectionFactory - Created new connection: rabbitConnectionFactory#31665c57:0/SimpleConnection@5205c607 [delegate=amqp://guest@127.0.0.1:5672/, localPort= 60656]
2023-03-22 11:08:00.712 [main] INFO  com.wang.web.WebapiApplication - Started WebapiApplication in 8.776 seconds (JVM running for 11.496)
2023-03-22 11:08:06.692 [main] INFO  com.wang.web.WebapiApplication - Starting WebapiApplication using Java 11.0.18 on DESKTOP-32AM1JO with PID 15928 (C:\MyFile\project\Java\GK\wky\wky-webApi\target\classes started by 12636 in C:\MyFile\project\Java\GK\wky)
2023-03-22 11:08:06.697 [main] INFO  com.wang.web.WebapiApplication - No active profile set, falling back to 1 default profile: "default"
2023-03-22 11:08:08.428 [main] INFO  o.s.d.r.config.RepositoryConfigurationDelegate - Multiple Spring Data modules found, entering strict repository configuration mode
2023-03-22 11:08:08.432 [main] INFO  o.s.d.r.config.RepositoryConfigurationDelegate - Bootstrapping Spring Data Redis repositories in DEFAULT mode.
2023-03-22 11:08:08.524 [main] INFO  o.s.d.r.config.RepositoryConfigurationDelegate - Finished Spring Data repository scanning in 19 ms. Found 0 Redis repository interfaces.
2023-03-22 11:08:09.958 [main] INFO  o.s.boot.web.embedded.tomcat.TomcatWebServer - Tomcat initialized with port(s): 8088 (http)
2023-03-22 11:08:10.009 [main] INFO  org.apache.coyote.http11.Http11NioProtocol - Initializing ProtocolHandler ["http-nio-8088"]
2023-03-22 11:08:10.009 [main] INFO  org.apache.catalina.core.StandardService - Starting service [Tomcat]
2023-03-22 11:08:10.010 [main] INFO  org.apache.catalina.core.StandardEngine - Starting Servlet engine: [Apache Tomcat/9.0.64]
2023-03-22 11:08:10.202 [main] INFO  o.a.c.core.ContainerBase.[Tomcat].[localhost].[/] - Initializing Spring embedded WebApplicationContext
2023-03-22 11:08:10.203 [main] INFO  o.s.b.w.s.c.ServletWebServerApplicationContext - Root WebApplicationContext: initialization completed in 3413 ms
2023-03-22 11:08:11.419 [main] INFO  com.alibaba.druid.pool.DruidDataSource - {dataSource-1} inited
2023-03-22 11:08:13.860 [main] INFO  org.apache.coyote.http11.Http11NioProtocol - Starting ProtocolHandler ["http-nio-8088"]
2023-03-22 11:08:13.891 [main] INFO  o.s.boot.web.embedded.tomcat.TomcatWebServer - Tomcat started on port(s): 8088 (http) with context path ''
2023-03-22 11:08:13.902 [main] INFO  o.s.a.rabbit.connection.CachingConnectionFactory - Attempting to connect to: [127.0.0.1:5672]
2023-03-22 11:08:13.956 [main] INFO  o.s.a.rabbit.connection.CachingConnectionFactory - Created new connection: rabbitConnectionFactory#5f7e3cb8:0/SimpleConnection@1f94582e [delegate=amqp://guest@127.0.0.1:5672/, localPort= 60692]
2023-03-22 11:08:14.051 [main] INFO  com.wang.web.WebapiApplication - Started WebapiApplication in 9.056 seconds (JVM running for 11.527)
2023-03-22 11:08:23.925 [main] INFO  com.wang.web.WebapiApplication - Starting WebapiApplication using Java 11.0.18 on DESKTOP-32AM1JO with PID 14960 (C:\MyFile\project\Java\GK\wky\wky-webApi\target\classes started by 12636 in C:\MyFile\project\Java\GK\wky)
2023-03-22 11:08:23.928 [main] INFO  com.wang.web.WebapiApplication - No active profile set, falling back to 1 default profile: "default"
2023-03-22 11:08:25.090 [main] INFO  o.s.d.r.config.RepositoryConfigurationDelegate - Multiple Spring Data modules found, entering strict repository configuration mode
2023-03-22 11:08:25.093 [main] INFO  o.s.d.r.config.RepositoryConfigurationDelegate - Bootstrapping Spring Data Redis repositories in DEFAULT mode.
2023-03-22 11:08:25.130 [main] INFO  o.s.d.r.config.RepositoryConfigurationDelegate - Finished Spring Data repository scanning in 20 ms. Found 0 Redis repository interfaces.
2023-03-22 11:08:26.611 [main] INFO  o.s.boot.web.embedded.tomcat.TomcatWebServer - Tomcat initialized with port(s): 8089 (http)
2023-03-22 11:08:26.637 [main] INFO  org.apache.coyote.http11.Http11NioProtocol - Initializing ProtocolHandler ["http-nio-8089"]
2023-03-22 11:08:26.638 [main] INFO  org.apache.catalina.core.StandardService - Starting service [Tomcat]
2023-03-22 11:08:26.639 [main] INFO  org.apache.catalina.core.StandardEngine - Starting Servlet engine: [Apache Tomcat/9.0.64]
2023-03-22 11:08:26.810 [main] INFO  o.a.c.core.ContainerBase.[Tomcat].[localhost].[/] - Initializing Spring embedded WebApplicationContext
2023-03-22 11:08:26.811 [main] INFO  o.s.b.w.s.c.ServletWebServerApplicationContext - Root WebApplicationContext: initialization completed in 2823 ms
2023-03-22 11:08:27.463 [main] INFO  com.alibaba.druid.pool.DruidDataSource - {dataSource-1} inited
2023-03-22 11:08:29.330 [main] INFO  org.apache.coyote.http11.Http11NioProtocol - Starting ProtocolHandler ["http-nio-8089"]
2023-03-22 11:08:29.358 [main] INFO  o.s.boot.web.embedded.tomcat.TomcatWebServer - Tomcat started on port(s): 8089 (http) with context path ''
2023-03-22 11:08:29.368 [main] INFO  o.s.a.rabbit.connection.CachingConnectionFactory - Attempting to connect to: [127.0.0.1:5672]
2023-03-22 11:08:29.402 [main] INFO  o.s.a.rabbit.connection.CachingConnectionFactory - Created new connection: rabbitConnectionFactory#525b9df4:0/SimpleConnection@2d5b549b [delegate=amqp://guest@127.0.0.1:5672/, localPort= 60730]
2023-03-22 11:08:29.476 [main] INFO  com.wang.web.WebapiApplication - Started WebapiApplication in 6.221 seconds (JVM running for 8.401)
2023-03-22 11:21:53.120 [http-nio-8089-exec-2] INFO  o.a.c.core.ContainerBase.[Tomcat].[localhost].[/] - Initializing Spring DispatcherServlet 'dispatcherServlet'
2023-03-22 11:21:53.121 [http-nio-8089-exec-2] INFO  org.springframework.web.servlet.DispatcherServlet - Initializing Servlet 'dispatcherServlet'
2023-03-22 11:21:53.123 [http-nio-8089-exec-2] INFO  org.springframework.web.servlet.DispatcherServlet - Completed initialization in 1 ms
2023-03-22 11:21:53.977 [http-nio-8088-exec-1] INFO  o.a.c.core.ContainerBase.[Tomcat].[localhost].[/] - Initializing Spring DispatcherServlet 'dispatcherServlet'
2023-03-22 11:21:53.977 [http-nio-8088-exec-1] INFO  org.springframework.web.servlet.DispatcherServlet - Initializing Servlet 'dispatcherServlet'
2023-03-22 11:21:53.979 [http-nio-8088-exec-1] INFO  org.springframework.web.servlet.DispatcherServlet - Completed initialization in 2 ms
2023-03-22 11:23:37.369 [main] INFO  com.wang.web.WebapiApplication - Starting WebapiApplication using Java 11.0.18 on DESKTOP-32AM1JO with PID 18676 (C:\MyFile\project\Java\GK\wky\wky-webApi\target\classes started by 12636 in C:\MyFile\project\Java\GK\wky)
2023-03-22 11:23:37.373 [main] INFO  com.wang.web.WebapiApplication - No active profile set, falling back to 1 default profile: "default"
2023-03-22 11:23:39.951 [main] INFO  o.s.d.r.config.RepositoryConfigurationDelegate - Multiple Spring Data modules found, entering strict repository configuration mode
2023-03-22 11:23:39.954 [main] INFO  o.s.d.r.config.RepositoryConfigurationDelegate - Bootstrapping Spring Data Redis repositories in DEFAULT mode.
2023-03-22 11:23:40.047 [main] INFO  o.s.d.r.config.RepositoryConfigurationDelegate - Finished Spring Data repository scanning in 27 ms. Found 0 Redis repository interfaces.
2023-03-22 11:23:42.035 [main] INFO  o.s.boot.web.embedded.tomcat.TomcatWebServer - Tomcat initialized with port(s): 8088 (http)
2023-03-22 11:23:42.090 [main] INFO  org.apache.coyote.http11.Http11NioProtocol - Initializing ProtocolHandler ["http-nio-8088"]
2023-03-22 11:23:42.091 [main] INFO  org.apache.catalina.core.StandardService - Starting service [Tomcat]
2023-03-22 11:23:42.091 [main] INFO  org.apache.catalina.core.StandardEngine - Starting Servlet engine: [Apache Tomcat/9.0.64]
2023-03-22 11:23:42.294 [main] INFO  o.a.c.core.ContainerBase.[Tomcat].[localhost].[/] - Initializing Spring embedded WebApplicationContext
2023-03-22 11:23:42.294 [main] INFO  o.s.b.w.s.c.ServletWebServerApplicationContext - Root WebApplicationContext: initialization completed in 4831 ms
2023-03-22 11:23:44.309 [main] INFO  com.alibaba.druid.pool.DruidDataSource - {dataSource-1} inited
2023-03-22 11:23:48.586 [main] INFO  org.apache.coyote.http11.Http11NioProtocol - Starting ProtocolHandler ["http-nio-8088"]
2023-03-22 11:23:49.109 [main] INFO  com.wang.web.WebapiApplication - Starting WebapiApplication using Java 11.0.18 on DESKTOP-32AM1JO with PID 17572 (C:\MyFile\project\Java\GK\wky\wky-webApi\target\classes started by 12636 in C:\MyFile\project\Java\GK\wky)
2023-03-22 11:23:49.112 [main] INFO  com.wang.web.WebapiApplication - No active profile set, falling back to 1 default profile: "default"
2023-03-22 11:23:49.181 [main] INFO  o.s.boot.web.embedded.tomcat.TomcatWebServer - Tomcat started on port(s): 8088 (http) with context path ''
2023-03-22 11:23:49.280 [main] INFO  o.s.a.rabbit.connection.CachingConnectionFactory - Attempting to connect to: [127.0.0.1:5672]
2023-03-22 11:23:49.360 [main] INFO  o.s.a.rabbit.connection.CachingConnectionFactory - Created new connection: rabbitConnectionFactory#65083331:0/SimpleConnection@5e95d369 [delegate=amqp://guest@127.0.0.1:5672/, localPort= 61712]
2023-03-22 11:23:49.498 [main] INFO  com.wang.web.WebapiApplication - Started WebapiApplication in 13.548 seconds (JVM running for 19.27)
2023-03-22 11:23:50.285 [main] INFO  o.s.d.r.config.RepositoryConfigurationDelegate - Multiple Spring Data modules found, entering strict repository configuration mode
2023-03-22 11:23:50.288 [main] INFO  o.s.d.r.config.RepositoryConfigurationDelegate - Bootstrapping Spring Data Redis repositories in DEFAULT mode.
2023-03-22 11:23:50.333 [main] INFO  o.s.d.r.config.RepositoryConfigurationDelegate - Finished Spring Data repository scanning in 27 ms. Found 0 Redis repository interfaces.
2023-03-22 11:23:51.704 [main] INFO  o.s.boot.web.embedded.tomcat.TomcatWebServer - Tomcat initialized with port(s): 8089 (http)
2023-03-22 11:23:51.719 [main] INFO  org.apache.coyote.http11.Http11NioProtocol - Initializing ProtocolHandler ["http-nio-8089"]
2023-03-22 11:23:51.720 [main] INFO  org.apache.catalina.core.StandardService - Starting service [Tomcat]
2023-03-22 11:23:51.720 [main] INFO  org.apache.catalina.core.StandardEngine - Starting Servlet engine: [Apache Tomcat/9.0.64]
2023-03-22 11:23:51.854 [main] INFO  o.a.c.core.ContainerBase.[Tomcat].[localhost].[/] - Initializing Spring embedded WebApplicationContext
2023-03-22 11:23:51.854 [main] INFO  o.s.b.w.s.c.ServletWebServerApplicationContext - Root WebApplicationContext: initialization completed in 2673 ms
2023-03-22 11:23:52.455 [main] INFO  com.alibaba.druid.pool.DruidDataSource - {dataSource-1} inited
2023-03-22 11:23:54.247 [main] INFO  org.apache.coyote.http11.Http11NioProtocol - Starting ProtocolHandler ["http-nio-8089"]
2023-03-22 11:23:54.274 [main] INFO  o.s.boot.web.embedded.tomcat.TomcatWebServer - Tomcat started on port(s): 8089 (http) with context path ''
2023-03-22 11:23:54.283 [main] INFO  o.s.a.rabbit.connection.CachingConnectionFactory - Attempting to connect to: [127.0.0.1:5672]
2023-03-22 11:23:54.319 [main] INFO  o.s.a.rabbit.connection.CachingConnectionFactory - Created new connection: rabbitConnectionFactory#1fe7fa16:0/SimpleConnection@59043128 [delegate=amqp://guest@127.0.0.1:5672/, localPort= 61736]
2023-03-22 11:23:54.409 [main] INFO  com.wang.web.WebapiApplication - Started WebapiApplication in 6.043 seconds (JVM running for 8.687)
2023-03-22 11:24:51.260 [http-nio-8089-exec-1] INFO  o.a.c.core.ContainerBase.[Tomcat].[localhost].[/] - Initializing Spring DispatcherServlet 'dispatcherServlet'
2023-03-22 11:24:51.262 [http-nio-8089-exec-1] INFO  org.springframework.web.servlet.DispatcherServlet - Initializing Servlet 'dispatcherServlet'
2023-03-22 11:24:51.263 [http-nio-8089-exec-1] INFO  org.springframework.web.servlet.DispatcherServlet - Completed initialization in 1 ms
2023-03-22 11:25:29.286 [http-nio-8088-exec-1] INFO  o.a.c.core.ContainerBase.[Tomcat].[localhost].[/] - Initializing Spring DispatcherServlet 'dispatcherServlet'
2023-03-22 11:25:29.287 [http-nio-8088-exec-1] INFO  org.springframework.web.servlet.DispatcherServlet - Initializing Servlet 'dispatcherServlet'
2023-03-22 11:25:29.289 [http-nio-8088-exec-1] INFO  org.springframework.web.servlet.DispatcherServlet - Completed initialization in 2 ms
2023-03-22 11:26:56.229 [main] INFO  com.wang.web.WebapiApplication - Starting WebapiApplication using Java 11.0.18 on DESKTOP-32AM1JO with PID 16968 (C:\MyFile\project\Java\GK\wky\wky-webApi\target\classes started by 12636 in C:\MyFile\project\Java\GK\wky)
2023-03-22 11:26:56.233 [main] INFO  com.wang.web.WebapiApplication - No active profile set, falling back to 1 default profile: "default"
2023-03-22 11:26:57.653 [main] INFO  o.s.d.r.config.RepositoryConfigurationDelegate - Multiple Spring Data modules found, entering strict repository configuration mode
2023-03-22 11:26:57.657 [main] INFO  o.s.d.r.config.RepositoryConfigurationDelegate - Bootstrapping Spring Data Redis repositories in DEFAULT mode.
2023-03-22 11:26:57.747 [main] INFO  o.s.d.r.config.RepositoryConfigurationDelegate - Finished Spring Data repository scanning in 19 ms. Found 0 Redis repository interfaces.
2023-03-22 11:26:59.239 [main] INFO  o.s.boot.web.embedded.tomcat.TomcatWebServer - Tomcat initialized with port(s): 8088 (http)
2023-03-22 11:26:59.298 [main] INFO  org.apache.coyote.http11.Http11NioProtocol - Initializing ProtocolHandler ["http-nio-8088"]
2023-03-22 11:26:59.299 [main] INFO  org.apache.catalina.core.StandardService - Starting service [Tomcat]
2023-03-22 11:26:59.300 [main] INFO  org.apache.catalina.core.StandardEngine - Starting Servlet engine: [Apache Tomcat/9.0.64]
2023-03-22 11:26:59.525 [main] INFO  o.a.c.core.ContainerBase.[Tomcat].[localhost].[/] - Initializing Spring embedded WebApplicationContext
2023-03-22 11:26:59.525 [main] INFO  o.s.b.w.s.c.ServletWebServerApplicationContext - Root WebApplicationContext: initialization completed in 3217 ms
2023-03-22 11:27:00.722 [main] INFO  com.alibaba.druid.pool.DruidDataSource - {dataSource-1} inited
2023-03-22 11:27:03.096 [main] INFO  org.apache.coyote.http11.Http11NioProtocol - Starting ProtocolHandler ["http-nio-8088"]
2023-03-22 11:27:03.127 [main] INFO  o.s.boot.web.embedded.tomcat.TomcatWebServer - Tomcat started on port(s): 8088 (http) with context path ''
2023-03-22 11:27:03.139 [main] INFO  o.s.a.rabbit.connection.CachingConnectionFactory - Attempting to connect to: [127.0.0.1:5672]
2023-03-22 11:27:03.194 [main] INFO  o.s.a.rabbit.connection.CachingConnectionFactory - Created new connection: rabbitConnectionFactory#1f998db2:0/SimpleConnection@1d24e173 [delegate=amqp://guest@127.0.0.1:5672/, localPort= 61879]
2023-03-22 11:27:03.302 [main] INFO  com.wang.web.WebapiApplication - Started WebapiApplication in 8.779 seconds (JVM running for 11.565)
2023-03-22 11:27:07.071 [main] INFO  com.wang.web.WebapiApplication - Starting WebapiApplication using Java 11.0.18 on DESKTOP-32AM1JO with PID 11564 (C:\MyFile\project\Java\GK\wky\wky-webApi\target\classes started by 12636 in C:\MyFile\project\Java\GK\wky)
2023-03-22 11:27:07.074 [main] INFO  com.wang.web.WebapiApplication - No active profile set, falling back to 1 default profile: "default"
2023-03-22 11:27:08.285 [main] INFO  o.s.d.r.config.RepositoryConfigurationDelegate - Multiple Spring Data modules found, entering strict repository configuration mode
2023-03-22 11:27:08.288 [main] INFO  o.s.d.r.config.RepositoryConfigurationDelegate - Bootstrapping Spring Data Redis repositories in DEFAULT mode.
2023-03-22 11:27:08.327 [main] INFO  o.s.d.r.config.RepositoryConfigurationDelegate - Finished Spring Data repository scanning in 22 ms. Found 0 Redis repository interfaces.
2023-03-22 11:27:09.621 [main] INFO  o.s.boot.web.embedded.tomcat.TomcatWebServer - Tomcat initialized with port(s): 8089 (http)
2023-03-22 11:27:09.671 [main] INFO  org.apache.coyote.http11.Http11NioProtocol - Initializing ProtocolHandler ["http-nio-8089"]
2023-03-22 11:27:09.672 [main] INFO  org.apache.catalina.core.StandardService - Starting service [Tomcat]
2023-03-22 11:27:09.672 [main] INFO  org.apache.catalina.core.StandardEngine - Starting Servlet engine: [Apache Tomcat/9.0.64]
2023-03-22 11:27:09.887 [main] INFO  o.a.c.core.ContainerBase.[Tomcat].[localhost].[/] - Initializing Spring embedded WebApplicationContext
2023-03-22 11:27:09.887 [main] INFO  o.s.b.w.s.c.ServletWebServerApplicationContext - Root WebApplicationContext: initialization completed in 2753 ms
2023-03-22 11:27:10.505 [main] INFO  com.alibaba.druid.pool.DruidDataSource - {dataSource-1} inited
2023-03-22 11:27:12.440 [main] INFO  org.apache.coyote.http11.Http11NioProtocol - Starting ProtocolHandler ["http-nio-8089"]
2023-03-22 11:27:12.470 [main] INFO  o.s.boot.web.embedded.tomcat.TomcatWebServer - Tomcat started on port(s): 8089 (http) with context path ''
2023-03-22 11:27:12.480 [main] INFO  o.s.a.rabbit.connection.CachingConnectionFactory - Attempting to connect to: [127.0.0.1:5672]
2023-03-22 11:27:12.517 [main] INFO  o.s.a.rabbit.connection.CachingConnectionFactory - Created new connection: rabbitConnectionFactory#55315a00:0/SimpleConnection@21262bde [delegate=amqp://guest@127.0.0.1:5672/, localPort= 61908]
2023-03-22 11:27:12.596 [main] INFO  com.wang.web.WebapiApplication - Started WebapiApplication in 6.202 seconds (JVM running for 8.868)
2023-03-22 11:27:19.268 [http-nio-8089-exec-1] INFO  o.a.c.core.ContainerBase.[Tomcat].[localhost].[/] - Initializing Spring DispatcherServlet 'dispatcherServlet'
2023-03-22 11:27:19.269 [http-nio-8089-exec-1] INFO  org.springframework.web.servlet.DispatcherServlet - Initializing Servlet 'dispatcherServlet'
2023-03-22 11:27:19.270 [http-nio-8089-exec-1] INFO  org.springframework.web.servlet.DispatcherServlet - Completed initialization in 1 ms
2023-03-22 11:27:20.554 [http-nio-8088-exec-1] INFO  o.a.c.core.ContainerBase.[Tomcat].[localhost].[/] - Initializing Spring DispatcherServlet 'dispatcherServlet'
2023-03-22 11:27:20.555 [http-nio-8088-exec-1] INFO  org.springframework.web.servlet.DispatcherServlet - Initializing Servlet 'dispatcherServlet'
2023-03-22 11:27:20.557 [http-nio-8088-exec-1] INFO  org.springframework.web.servlet.DispatcherServlet - Completed initialization in 1 ms
2023-03-22 11:28:38.535 [http-nio-8088-exec-2] INFO  o.s.d.r.config.RepositoryConfigurationDelegate - Bootstrapping Spring Data Redis repositories in DEFAULT mode.
2023-03-22 11:28:38.559 [http-nio-8088-exec-2] INFO  o.s.d.r.config.RepositoryConfigurationDelegate - Finished Spring Data repository scanning in 23 ms. Found 0 Redis repository interfaces.
2023-03-22 11:28:40.204 [http-nio-8089-exec-3] INFO  o.s.d.r.config.RepositoryConfigurationDelegate - Bootstrapping Spring Data Redis repositories in DEFAULT mode.
2023-03-22 11:28:40.227 [http-nio-8089-exec-3] INFO  o.s.d.r.config.RepositoryConfigurationDelegate - Finished Spring Data repository scanning in 22 ms. Found 0 Redis repository interfaces.
2023-03-22 11:29:53.507 [main] INFO  com.wang.web.WebapiApplication - Starting WebapiApplication using Java 11.0.18 on DESKTOP-32AM1JO with PID 17680 (C:\MyFile\project\Java\GK\wky\wky-webApi\target\classes started by 12636 in C:\MyFile\project\Java\GK\wky)
2023-03-22 11:29:53.511 [main] INFO  com.wang.web.WebapiApplication - No active profile set, falling back to 1 default profile: "default"
2023-03-22 11:29:54.553 [main] INFO  o.s.d.r.config.RepositoryConfigurationDelegate - Multiple Spring Data modules found, entering strict repository configuration mode
2023-03-22 11:29:54.555 [main] INFO  o.s.d.r.config.RepositoryConfigurationDelegate - Bootstrapping Spring Data Redis repositories in DEFAULT mode.
2023-03-22 11:29:54.588 [main] INFO  o.s.d.r.config.RepositoryConfigurationDelegate - Finished Spring Data repository scanning in 19 ms. Found 0 Redis repository interfaces.
2023-03-22 11:29:55.578 [main] INFO  o.s.boot.web.embedded.tomcat.TomcatWebServer - Tomcat initialized with port(s): 8089 (http)
2023-03-22 11:29:55.594 [main] INFO  org.apache.coyote.http11.Http11NioProtocol - Initializing ProtocolHandler ["http-nio-8089"]
2023-03-22 11:29:55.594 [main] INFO  org.apache.catalina.core.StandardService - Starting service [Tomcat]
2023-03-22 11:29:55.594 [main] INFO  org.apache.catalina.core.StandardEngine - Starting Servlet engine: [Apache Tomcat/9.0.64]
2023-03-22 11:29:55.736 [main] INFO  o.a.c.core.ContainerBase.[Tomcat].[localhost].[/] - Initializing Spring embedded WebApplicationContext
2023-03-22 11:29:55.736 [main] INFO  o.s.b.w.s.c.ServletWebServerApplicationContext - Root WebApplicationContext: initialization completed in 2148 ms
2023-03-22 11:29:56.387 [main] INFO  com.alibaba.druid.pool.DruidDataSource - {dataSource-1} inited
2023-03-22 11:29:58.209 [main] INFO  org.apache.coyote.http11.Http11NioProtocol - Starting ProtocolHandler ["http-nio-8089"]
2023-03-22 11:29:58.238 [main] INFO  o.s.boot.web.embedded.tomcat.TomcatWebServer - Tomcat started on port(s): 8089 (http) with context path ''
2023-03-22 11:29:58.247 [main] INFO  o.s.a.rabbit.connection.CachingConnectionFactory - Attempting to connect to: [127.0.0.1:5672]
2023-03-22 11:29:58.283 [main] INFO  o.s.a.rabbit.connection.CachingConnectionFactory - Created new connection: rabbitConnectionFactory#7512a9a6:0/SimpleConnection@19439ec4 [delegate=amqp://guest@127.0.0.1:5672/, localPort= 62009]
2023-03-22 11:29:58.360 [main] INFO  com.wang.web.WebapiApplication - Started WebapiApplication in 5.635 seconds (JVM running for 7.755)
2023-03-22 11:30:07.603 [main] INFO  com.wang.web.WebapiApplication - Starting WebapiApplication using Java 11.0.18 on DESKTOP-32AM1JO with PID 10316 (C:\MyFile\project\Java\GK\wky\wky-webApi\target\classes started by 12636 in C:\MyFile\project\Java\GK\wky)
2023-03-22 11:30:07.607 [main] INFO  com.wang.web.WebapiApplication - No active profile set, falling back to 1 default profile: "default"
2023-03-22 11:30:09.332 [main] INFO  o.s.d.r.config.RepositoryConfigurationDelegate - Multiple Spring Data modules found, entering strict repository configuration mode
2023-03-22 11:30:09.336 [main] INFO  o.s.d.r.config.RepositoryConfigurationDelegate - Bootstrapping Spring Data Redis repositories in DEFAULT mode.
2023-03-22 11:30:09.426 [main] INFO  o.s.d.r.config.RepositoryConfigurationDelegate - Finished Spring Data repository scanning in 19 ms. Found 0 Redis repository interfaces.
2023-03-22 11:30:10.883 [main] INFO  o.s.boot.web.embedded.tomcat.TomcatWebServer - Tomcat initialized with port(s): 8088 (http)
2023-03-22 11:30:10.933 [main] INFO  org.apache.coyote.http11.Http11NioProtocol - Initializing ProtocolHandler ["http-nio-8088"]
2023-03-22 11:30:10.934 [main] INFO  org.apache.catalina.core.StandardService - Starting service [Tomcat]
2023-03-22 11:30:10.934 [main] INFO  org.apache.catalina.core.StandardEngine - Starting Servlet engine: [Apache Tomcat/9.0.64]
2023-03-22 11:30:11.122 [main] INFO  o.a.c.core.ContainerBase.[Tomcat].[localhost].[/] - Initializing Spring embedded WebApplicationContext
2023-03-22 11:30:11.122 [main] INFO  o.s.b.w.s.c.ServletWebServerApplicationContext - Root WebApplicationContext: initialization completed in 3431 ms
2023-03-22 11:30:12.272 [main] INFO  com.alibaba.druid.pool.DruidDataSource - {dataSource-1} inited
2023-03-22 11:30:14.728 [main] INFO  org.apache.coyote.http11.Http11NioProtocol - Starting ProtocolHandler ["http-nio-8088"]
2023-03-22 11:30:14.762 [main] INFO  o.s.boot.web.embedded.tomcat.TomcatWebServer - Tomcat started on port(s): 8088 (http) with context path ''
2023-03-22 11:30:14.774 [main] INFO  o.s.a.rabbit.connection.CachingConnectionFactory - Attempting to connect to: [127.0.0.1:5672]
2023-03-22 11:30:14.832 [main] INFO  o.s.a.rabbit.connection.CachingConnectionFactory - Created new connection: rabbitConnectionFactory#a8d9449:0/SimpleConnection@6b8bcc01 [delegate=amqp://guest@127.0.0.1:5672/, localPort= 62040]
2023-03-22 11:30:14.951 [main] INFO  com.wang.web.WebapiApplication - Started WebapiApplication in 9.052 seconds (JVM running for 11.492)
2023-03-22 11:30:23.212 [http-nio-8089-exec-1] INFO  o.a.c.core.ContainerBase.[Tomcat].[localhost].[/] - Initializing Spring DispatcherServlet 'dispatcherServlet'
2023-03-22 11:30:23.213 [http-nio-8089-exec-1] INFO  org.springframework.web.servlet.DispatcherServlet - Initializing Servlet 'dispatcherServlet'
2023-03-22 11:30:23.215 [http-nio-8089-exec-1] INFO  org.springframework.web.servlet.DispatcherServlet - Completed initialization in 1 ms
2023-03-22 11:30:28.642 [http-nio-8088-exec-2] INFO  o.a.c.core.ContainerBase.[Tomcat].[localhost].[/] - Initializing Spring DispatcherServlet 'dispatcherServlet'
2023-03-22 11:30:28.643 [http-nio-8088-exec-2] INFO  org.springframework.web.servlet.DispatcherServlet - Initializing Servlet 'dispatcherServlet'
2023-03-22 11:30:28.645 [http-nio-8088-exec-2] INFO  org.springframework.web.servlet.DispatcherServlet - Completed initialization in 2 ms
2023-03-22 11:37:01.854 [main] INFO  com.wang.web.WebapiApplication - Starting WebapiApplication using Java 11.0.18 on DESKTOP-32AM1JO with PID 16204 (C:\MyFile\project\Java\GK\wky\wky-webApi\target\classes started by 12636 in C:\MyFile\project\Java\GK\wky)
2023-03-22 11:37:01.858 [main] INFO  com.wang.web.WebapiApplication - No active profile set, falling back to 1 default profile: "default"
2023-03-22 11:37:02.968 [main] INFO  o.s.d.r.config.RepositoryConfigurationDelegate - Multiple Spring Data modules found, entering strict repository configuration mode
2023-03-22 11:37:02.971 [main] INFO  o.s.d.r.config.RepositoryConfigurationDelegate - Bootstrapping Spring Data Redis repositories in DEFAULT mode.
2023-03-22 11:37:03.005 [main] INFO  o.s.d.r.config.RepositoryConfigurationDelegate - Finished Spring Data repository scanning in 20 ms. Found 0 Redis repository interfaces.
2023-03-22 11:37:03.970 [main] INFO  o.s.boot.web.embedded.tomcat.TomcatWebServer - Tomcat initialized with port(s): 8089 (http)
2023-03-22 11:37:03.985 [main] INFO  org.apache.coyote.http11.Http11NioProtocol - Initializing ProtocolHandler ["http-nio-8089"]
2023-03-22 11:37:03.985 [main] INFO  org.apache.catalina.core.StandardService - Starting service [Tomcat]
2023-03-22 11:37:03.985 [main] INFO  org.apache.catalina.core.StandardEngine - Starting Servlet engine: [Apache Tomcat/9.0.64]
2023-03-22 11:37:04.117 [main] INFO  o.a.c.core.ContainerBase.[Tomcat].[localhost].[/] - Initializing Spring embedded WebApplicationContext
2023-03-22 11:37:04.117 [main] INFO  o.s.b.w.s.c.ServletWebServerApplicationContext - Root WebApplicationContext: initialization completed in 2173 ms
2023-03-22 11:37:04.717 [main] INFO  com.alibaba.druid.pool.DruidDataSource - {dataSource-1} inited
2023-03-22 11:37:06.540 [main] INFO  org.apache.coyote.http11.Http11NioProtocol - Starting ProtocolHandler ["http-nio-8089"]
2023-03-22 11:37:06.568 [main] INFO  o.s.boot.web.embedded.tomcat.TomcatWebServer - Tomcat started on port(s): 8089 (http) with context path ''
2023-03-22 11:37:06.576 [main] INFO  o.s.a.rabbit.connection.CachingConnectionFactory - Attempting to connect to: [127.0.0.1:5672]
2023-03-22 11:37:06.610 [main] INFO  o.s.a.rabbit.connection.CachingConnectionFactory - Created new connection: rabbitConnectionFactory#11577ab8:0/SimpleConnection@481eb705 [delegate=amqp://guest@127.0.0.1:5672/, localPort= 63130]
2023-03-22 11:37:06.683 [main] INFO  com.wang.web.WebapiApplication - Started WebapiApplication in 5.577 seconds (JVM running for 7.731)
2023-03-22 11:37:23.393 [main] INFO  com.wang.web.WebapiApplication - Starting WebapiApplication using Java 11.0.18 on DESKTOP-32AM1JO with PID 7372 (C:\MyFile\project\Java\GK\wky\wky-webApi\target\classes started by 12636 in C:\MyFile\project\Java\GK\wky)
2023-03-22 11:37:23.397 [main] INFO  com.wang.web.WebapiApplication - No active profile set, falling back to 1 default profile: "default"
2023-03-22 11:37:25.153 [main] INFO  o.s.d.r.config.RepositoryConfigurationDelegate - Multiple Spring Data modules found, entering strict repository configuration mode
2023-03-22 11:37:25.157 [main] INFO  o.s.d.r.config.RepositoryConfigurationDelegate - Bootstrapping Spring Data Redis repositories in DEFAULT mode.
2023-03-22 11:37:25.244 [main] INFO  o.s.d.r.config.RepositoryConfigurationDelegate - Finished Spring Data repository scanning in 19 ms. Found 0 Redis repository interfaces.
2023-03-22 11:37:26.718 [main] INFO  o.s.boot.web.embedded.tomcat.TomcatWebServer - Tomcat initialized with port(s): 8088 (http)
2023-03-22 11:37:26.762 [main] INFO  org.apache.coyote.http11.Http11NioProtocol - Initializing ProtocolHandler ["http-nio-8088"]
2023-03-22 11:37:26.763 [main] INFO  org.apache.catalina.core.StandardService - Starting service [Tomcat]
2023-03-22 11:37:26.763 [main] INFO  org.apache.catalina.core.StandardEngine - Starting Servlet engine: [Apache Tomcat/9.0.64]
2023-03-22 11:37:26.951 [main] INFO  o.a.c.core.ContainerBase.[Tomcat].[localhost].[/] - Initializing Spring embedded WebApplicationContext
2023-03-22 11:37:26.951 [main] INFO  o.s.b.w.s.c.ServletWebServerApplicationContext - Root WebApplicationContext: initialization completed in 3451 ms
2023-03-22 11:37:28.168 [main] INFO  com.alibaba.druid.pool.DruidDataSource - {dataSource-1} inited
2023-03-22 11:37:30.631 [main] INFO  org.apache.coyote.http11.Http11NioProtocol - Starting ProtocolHandler ["http-nio-8088"]
2023-03-22 11:37:30.663 [main] INFO  o.s.boot.web.embedded.tomcat.TomcatWebServer - Tomcat started on port(s): 8088 (http) with context path ''
2023-03-22 11:37:30.675 [main] INFO  o.s.a.rabbit.connection.CachingConnectionFactory - Attempting to connect to: [127.0.0.1:5672]
2023-03-22 11:37:30.746 [main] INFO  o.s.a.rabbit.connection.CachingConnectionFactory - Created new connection: rabbitConnectionFactory#4c308d48:0/SimpleConnection@2a030f37 [delegate=amqp://guest@127.0.0.1:5672/, localPort= 63169]
2023-03-22 11:37:30.842 [main] INFO  com.wang.web.WebapiApplication - Started WebapiApplication in 9.111 seconds (JVM running for 11.615)
2023-03-22 11:37:35.740 [http-nio-8089-exec-1] INFO  o.a.c.core.ContainerBase.[Tomcat].[localhost].[/] - Initializing Spring DispatcherServlet 'dispatcherServlet'
2023-03-22 11:37:35.741 [http-nio-8089-exec-1] INFO  org.springframework.web.servlet.DispatcherServlet - Initializing Servlet 'dispatcherServlet'
2023-03-22 11:37:35.743 [http-nio-8089-exec-1] INFO  org.springframework.web.servlet.DispatcherServlet - Completed initialization in 1 ms
2023-03-22 11:37:38.058 [http-nio-8088-exec-1] INFO  o.a.c.core.ContainerBase.[Tomcat].[localhost].[/] - Initializing Spring DispatcherServlet 'dispatcherServlet'
2023-03-22 11:37:38.059 [http-nio-8088-exec-1] INFO  org.springframework.web.servlet.DispatcherServlet - Initializing Servlet 'dispatcherServlet'
2023-03-22 11:37:38.061 [http-nio-8088-exec-1] INFO  org.springframework.web.servlet.DispatcherServlet - Completed initialization in 2 ms
2023-03-22 12:37:31.173 [getRedisMessageListenerContainer-2] INFO  com.wang.web.listener.RedisKeyExpirationListener - 失效的Key是:语文书
2023-03-22 12:37:31.176 [getRedisMessageListenerContainer-2] INFO  com.wang.web.listener.RedisKeyExpirationListener - 失效的Key是:语文书
2023-03-22 14:20:53.361 [main] INFO  com.wang.web.WebapiApplication - Starting WebapiApplication using Java 11.0.18 on DESKTOP-32AM1JO with PID 17480 (C:\MyFile\project\Java\GK\wky\wky-webApi\target\classes started by 12636 in C:\MyFile\project\Java\GK\wky)
2023-03-22 14:20:53.366 [main] INFO  com.wang.web.WebapiApplication - No active profile set, falling back to 1 default profile: "default"
2023-03-22 14:20:54.979 [main] INFO  o.s.d.r.config.RepositoryConfigurationDelegate - Multiple Spring Data modules found, entering strict repository configuration mode
2023-03-22 14:20:54.984 [main] INFO  o.s.d.r.config.RepositoryConfigurationDelegate - Bootstrapping Spring Data Redis repositories in DEFAULT mode.
2023-03-22 14:20:55.058 [main] INFO  o.s.d.r.config.RepositoryConfigurationDelegate - Finished Spring Data repository scanning in 20 ms. Found 0 Redis repository interfaces.
2023-03-22 14:20:56.618 [main] INFO  o.s.boot.web.embedded.tomcat.TomcatWebServer - Tomcat initialized with port(s): 8088 (http)
2023-03-22 14:20:56.662 [main] INFO  org.apache.coyote.http11.Http11NioProtocol - Initializing ProtocolHandler ["http-nio-8088"]
2023-03-22 14:20:56.663 [main] INFO  org.apache.catalina.core.StandardService - Starting service [Tomcat]
2023-03-22 14:20:56.663 [main] INFO  org.apache.catalina.core.StandardEngine - Starting Servlet engine: [Apache Tomcat/9.0.64]
2023-03-22 14:20:56.854 [main] INFO  o.a.c.core.ContainerBase.[Tomcat].[localhost].[/] - Initializing Spring embedded WebApplicationContext
2023-03-22 14:20:56.854 [main] INFO  o.s.b.w.s.c.ServletWebServerApplicationContext - Root WebApplicationContext: initialization completed in 3394 ms
2023-03-22 14:20:57.056 [main] INFO  org.apache.catalina.core.StandardService - Stopping service [Tomcat]
2023-03-22 14:20:57.223 [main] INFO  o.s.b.a.l.ConditionEvaluationReportLoggingListener - 

Error starting ApplicationContext. To display the conditions report re-run your application with 'debug' enabled.
2023-03-22 14:22:34.455 [main] INFO  com.wang.web.WebapiApplication - Starting WebapiApplication using Java 11.0.18 on DESKTOP-32AM1JO with PID 10848 (C:\MyFile\project\Java\GK\wky\wky-webApi\target\classes started by 12636 in C:\MyFile\project\Java\GK\wky)
2023-03-22 14:22:34.460 [main] INFO  com.wang.web.WebapiApplication - No active profile set, falling back to 1 default profile: "default"
2023-03-22 14:22:35.952 [main] INFO  o.s.d.r.config.RepositoryConfigurationDelegate - Multiple Spring Data modules found, entering strict repository configuration mode
2023-03-22 14:22:35.956 [main] INFO  o.s.d.r.config.RepositoryConfigurationDelegate - Bootstrapping Spring Data Redis repositories in DEFAULT mode.
2023-03-22 14:22:36.032 [main] INFO  o.s.d.r.config.RepositoryConfigurationDelegate - Finished Spring Data repository scanning in 21 ms. Found 0 Redis repository interfaces.
2023-03-22 14:22:37.573 [main] INFO  o.s.boot.web.embedded.tomcat.TomcatWebServer - Tomcat initialized with port(s): 8088 (http)
2023-03-22 14:22:37.618 [main] INFO  org.apache.coyote.http11.Http11NioProtocol - Initializing ProtocolHandler ["http-nio-8088"]
2023-03-22 14:22:37.618 [main] INFO  org.apache.catalina.core.StandardService - Starting service [Tomcat]
2023-03-22 14:22:37.618 [main] INFO  org.apache.catalina.core.StandardEngine - Starting Servlet engine: [Apache Tomcat/9.0.64]
2023-03-22 14:22:37.807 [main] INFO  o.a.c.core.ContainerBase.[Tomcat].[localhost].[/] - Initializing Spring embedded WebApplicationContext
2023-03-22 14:22:37.807 [main] INFO  o.s.b.w.s.c.ServletWebServerApplicationContext - Root WebApplicationContext: initialization completed in 3252 ms
2023-03-22 14:22:38.988 [main] INFO  com.alibaba.druid.pool.DruidDataSource - {dataSource-1} inited
2023-03-22 14:22:40.336 [main] INFO  org.redisson.Version - Redisson 3.13.1
2023-03-22 14:22:41.300 [redisson-netty-2-19] INFO  org.redisson.connection.pool.MasterConnectionPool - 24 connections initialized for /127.0.0.1:6379
2023-03-22 14:22:41.298 [redisson-netty-2-12] INFO  o.r.connection.pool.MasterPubSubConnectionPool - 1 connections initialized for /127.0.0.1:6379
2023-03-22 14:22:42.689 [main] INFO  org.apache.coyote.http11.Http11NioProtocol - Starting ProtocolHandler ["http-nio-8088"]
2023-03-22 14:22:42.706 [main] INFO  o.s.boot.web.embedded.tomcat.TomcatWebServer - Tomcat started on port(s): 8088 (http) with context path ''
2023-03-22 14:22:42.715 [main] INFO  o.s.a.rabbit.connection.CachingConnectionFactory - Attempting to connect to: [127.0.0.1:5672]
2023-03-22 14:22:42.771 [main] INFO  o.s.a.rabbit.connection.CachingConnectionFactory - Created new connection: rabbitConnectionFactory#70864fbf:0/SimpleConnection@28ea0978 [delegate=amqp://guest@127.0.0.1:5672/, localPort= 51010]
2023-03-22 14:22:42.868 [main] INFO  com.wang.web.WebapiApplication - Started WebapiApplication in 10.314 seconds (JVM running for 12.849)
2023-03-22 14:22:51.617 [main] INFO  com.wang.web.WebapiApplication - Starting WebapiApplication using Java 11.0.18 on DESKTOP-32AM1JO with PID 16648 (C:\MyFile\project\Java\GK\wky\wky-webApi\target\classes started by 12636 in C:\MyFile\project\Java\GK\wky)
2023-03-22 14:22:51.620 [main] INFO  com.wang.web.WebapiApplication - No active profile set, falling back to 1 default profile: "default"
2023-03-22 14:22:52.796 [main] INFO  o.s.d.r.config.RepositoryConfigurationDelegate - Multiple Spring Data modules found, entering strict repository configuration mode
2023-03-22 14:22:52.800 [main] INFO  o.s.d.r.config.RepositoryConfigurationDelegate - Bootstrapping Spring Data Redis repositories in DEFAULT mode.
2023-03-22 14:22:52.837 [main] INFO  o.s.d.r.config.RepositoryConfigurationDelegate - Finished Spring Data repository scanning in 21 ms. Found 0 Redis repository interfaces.
2023-03-22 14:22:54.149 [main] INFO  o.s.boot.web.embedded.tomcat.TomcatWebServer - Tomcat initialized with port(s): 8089 (http)
2023-03-22 14:22:54.166 [main] INFO  org.apache.coyote.http11.Http11NioProtocol - Initializing ProtocolHandler ["http-nio-8089"]
2023-03-22 14:22:54.167 [main] INFO  org.apache.catalina.core.StandardService - Starting service [Tomcat]
2023-03-22 14:22:54.167 [main] INFO  org.apache.catalina.core.StandardEngine - Starting Servlet engine: [Apache Tomcat/9.0.64]
2023-03-22 14:22:54.339 [main] INFO  o.a.c.core.ContainerBase.[Tomcat].[localhost].[/] - Initializing Spring embedded WebApplicationContext
2023-03-22 14:22:54.340 [main] INFO  o.s.b.w.s.c.ServletWebServerApplicationContext - Root WebApplicationContext: initialization completed in 2660 ms
2023-03-22 14:22:54.953 [main] INFO  com.alibaba.druid.pool.DruidDataSource - {dataSource-1} inited
2023-03-22 14:22:55.801 [main] INFO  org.redisson.Version - Redisson 3.13.1
2023-03-22 14:22:56.719 [redisson-netty-2-19] INFO  o.r.connection.pool.MasterPubSubConnectionPool - 1 connections initialized for /127.0.0.1:6379
2023-03-22 14:22:56.716 [redisson-netty-2-18] INFO  org.redisson.connection.pool.MasterConnectionPool - 24 connections initialized for /127.0.0.1:6379
2023-03-22 14:22:57.866 [main] INFO  org.apache.coyote.http11.Http11NioProtocol - Starting ProtocolHandler ["http-nio-8089"]
2023-03-22 14:22:57.880 [main] INFO  o.s.boot.web.embedded.tomcat.TomcatWebServer - Tomcat started on port(s): 8089 (http) with context path ''
2023-03-22 14:22:57.887 [main] INFO  o.s.a.rabbit.connection.CachingConnectionFactory - Attempting to connect to: [127.0.0.1:5672]
2023-03-22 14:22:57.924 [main] INFO  o.s.a.rabbit.connection.CachingConnectionFactory - Created new connection: rabbitConnectionFactory#4bbabec8:0/SimpleConnection@57f708ef [delegate=amqp://guest@127.0.0.1:5672/, localPort= 51135]
2023-03-22 14:22:58.000 [main] INFO  com.wang.web.WebapiApplication - Started WebapiApplication in 7.109 seconds (JVM running for 9.138)
2023-03-22 14:24:53.304 [http-nio-8089-exec-1] INFO  o.a.c.core.ContainerBase.[Tomcat].[localhost].[/] - Initializing Spring DispatcherServlet 'dispatcherServlet'
2023-03-22 14:24:53.305 [http-nio-8089-exec-1] INFO  org.springframework.web.servlet.DispatcherServlet - Initializing Servlet 'dispatcherServlet'
2023-03-22 14:24:53.306 [http-nio-8089-exec-1] INFO  org.springframework.web.servlet.DispatcherServlet - Completed initialization in 1 ms
2023-03-22 14:24:55.669 [http-nio-8088-exec-2] INFO  o.a.c.core.ContainerBase.[Tomcat].[localhost].[/] - Initializing Spring DispatcherServlet 'dispatcherServlet'
2023-03-22 14:24:55.669 [http-nio-8088-exec-2] INFO  org.springframework.web.servlet.DispatcherServlet - Initializing Servlet 'dispatcherServlet'
2023-03-22 14:24:55.671 [http-nio-8088-exec-2] INFO  org.springframework.web.servlet.DispatcherServlet - Completed initialization in 2 ms
2023-03-22 14:34:56.164 [main] INFO  com.wang.web.WebapiApplication - Starting WebapiApplication using Java 11.0.18 on DESKTOP-32AM1JO with PID 20264 (C:\MyFile\project\Java\GK\wky\wky-webApi\target\classes started by 12636 in C:\MyFile\project\Java\GK\wky)
2023-03-22 14:34:56.167 [main] INFO  com.wang.web.WebapiApplication - No active profile set, falling back to 1 default profile: "default"
2023-03-22 14:34:57.646 [main] INFO  o.s.d.r.config.RepositoryConfigurationDelegate - Multiple Spring Data modules found, entering strict repository configuration mode
2023-03-22 14:34:57.650 [main] INFO  o.s.d.r.config.RepositoryConfigurationDelegate - Bootstrapping Spring Data Redis repositories in DEFAULT mode.
2023-03-22 14:34:57.723 [main] INFO  o.s.d.r.config.RepositoryConfigurationDelegate - Finished Spring Data repository scanning in 20 ms. Found 0 Redis repository interfaces.
2023-03-22 14:34:59.310 [main] INFO  o.s.boot.web.embedded.tomcat.TomcatWebServer - Tomcat initialized with port(s): 8088 (http)
2023-03-22 14:34:59.356 [main] INFO  org.apache.coyote.http11.Http11NioProtocol - Initializing ProtocolHandler ["http-nio-8088"]
2023-03-22 14:34:59.357 [main] INFO  org.apache.catalina.core.StandardService - Starting service [Tomcat]
2023-03-22 14:34:59.357 [main] INFO  org.apache.catalina.core.StandardEngine - Starting Servlet engine: [Apache Tomcat/9.0.64]
2023-03-22 14:34:59.562 [main] INFO  o.a.c.core.ContainerBase.[Tomcat].[localhost].[/] - Initializing Spring embedded WebApplicationContext
2023-03-22 14:34:59.563 [main] INFO  o.s.b.w.s.c.ServletWebServerApplicationContext - Root WebApplicationContext: initialization completed in 3318 ms
2023-03-22 14:35:00.726 [main] INFO  com.alibaba.druid.pool.DruidDataSource - {dataSource-1} inited
2023-03-22 14:35:01.892 [main] INFO  org.redisson.Version - Redisson 3.13.1
2023-03-22 14:35:02.747 [redisson-netty-2-19] INFO  org.redisson.connection.pool.MasterConnectionPool - 24 connections initialized for /127.0.0.1:6379
2023-03-22 14:35:02.746 [redisson-netty-2-28] INFO  o.r.connection.pool.MasterPubSubConnectionPool - 1 connections initialized for /127.0.0.1:6379
2023-03-22 14:35:04.140 [main] INFO  org.apache.coyote.http11.Http11NioProtocol - Starting ProtocolHandler ["http-nio-8088"]
2023-03-22 14:35:04.156 [main] INFO  o.s.boot.web.embedded.tomcat.TomcatWebServer - Tomcat started on port(s): 8088 (http) with context path ''
2023-03-22 14:35:04.166 [main] INFO  o.s.a.rabbit.connection.CachingConnectionFactory - Attempting to connect to: [127.0.0.1:5672]
2023-03-22 14:35:04.221 [main] INFO  o.s.a.rabbit.connection.CachingConnectionFactory - Created new connection: rabbitConnectionFactory#289a1722:0/SimpleConnection@4113a058 [delegate=amqp://guest@127.0.0.1:5672/, localPort= 52141]
2023-03-22 14:35:04.337 [main] INFO  com.wang.web.WebapiApplication - Started WebapiApplication in 9.92 seconds (JVM running for 12.424)
2023-03-22 14:35:11.343 [main] INFO  com.wang.web.WebapiApplication - Starting WebapiApplication using Java 11.0.18 on DESKTOP-32AM1JO with PID 17264 (C:\MyFile\project\Java\GK\wky\wky-webApi\target\classes started by 12636 in C:\MyFile\project\Java\GK\wky)
2023-03-22 14:35:11.347 [main] INFO  com.wang.web.WebapiApplication - No active profile set, falling back to 1 default profile: "default"
2023-03-22 14:35:12.486 [main] INFO  o.s.d.r.config.RepositoryConfigurationDelegate - Multiple Spring Data modules found, entering strict repository configuration mode
2023-03-22 14:35:12.489 [main] INFO  o.s.d.r.config.RepositoryConfigurationDelegate - Bootstrapping Spring Data Redis repositories in DEFAULT mode.
2023-03-22 14:35:12.531 [main] INFO  o.s.d.r.config.RepositoryConfigurationDelegate - Finished Spring Data repository scanning in 22 ms. Found 0 Redis repository interfaces.
2023-03-22 14:35:13.811 [main] INFO  o.s.boot.web.embedded.tomcat.TomcatWebServer - Tomcat initialized with port(s): 8089 (http)
2023-03-22 14:35:13.828 [main] INFO  org.apache.coyote.http11.Http11NioProtocol - Initializing ProtocolHandler ["http-nio-8089"]
2023-03-22 14:35:13.828 [main] INFO  org.apache.catalina.core.StandardService - Starting service [Tomcat]
2023-03-22 14:35:13.829 [main] INFO  org.apache.catalina.core.StandardEngine - Starting Servlet engine: [Apache Tomcat/9.0.64]
2023-03-22 14:35:13.977 [main] INFO  o.a.c.core.ContainerBase.[Tomcat].[localhost].[/] - Initializing Spring embedded WebApplicationContext
2023-03-22 14:35:13.977 [main] INFO  o.s.b.w.s.c.ServletWebServerApplicationContext - Root WebApplicationContext: initialization completed in 2557 ms
2023-03-22 14:35:14.578 [main] INFO  com.alibaba.druid.pool.DruidDataSource - {dataSource-1} inited
2023-03-22 14:35:15.406 [main] INFO  org.redisson.Version - Redisson 3.13.1
2023-03-22 14:35:16.100 [redisson-netty-2-7] INFO  o.r.connection.pool.MasterPubSubConnectionPool - 1 connections initialized for /127.0.0.1:6379
2023-03-22 14:35:16.109 [redisson-netty-2-19] INFO  org.redisson.connection.pool.MasterConnectionPool - 24 connections initialized for /127.0.0.1:6379
2023-03-22 14:35:17.277 [main] INFO  org.apache.coyote.http11.Http11NioProtocol - Starting ProtocolHandler ["http-nio-8089"]
2023-03-22 14:35:17.290 [main] INFO  o.s.boot.web.embedded.tomcat.TomcatWebServer - Tomcat started on port(s): 8089 (http) with context path ''
2023-03-22 14:35:17.298 [main] INFO  o.s.a.rabbit.connection.CachingConnectionFactory - Attempting to connect to: [127.0.0.1:5672]
2023-03-22 14:35:17.335 [main] INFO  o.s.a.rabbit.connection.CachingConnectionFactory - Created new connection: rabbitConnectionFactory#165824f5:0/SimpleConnection@64404db6 [delegate=amqp://guest@127.0.0.1:5672/, localPort= 52261]
2023-03-22 14:35:17.416 [main] INFO  com.wang.web.WebapiApplication - Started WebapiApplication in 6.75 seconds (JVM running for 8.982)
2023-03-22 14:35:23.936 [http-nio-8088-exec-1] INFO  o.a.c.core.ContainerBase.[Tomcat].[localhost].[/] - Initializing Spring DispatcherServlet 'dispatcherServlet'
2023-03-22 14:35:23.936 [http-nio-8088-exec-1] INFO  org.springframework.web.servlet.DispatcherServlet - Initializing Servlet 'dispatcherServlet'
2023-03-22 14:35:23.938 [http-nio-8088-exec-1] INFO  org.springframework.web.servlet.DispatcherServlet - Completed initialization in 1 ms
2023-03-22 14:35:25.181 [getRedisMessageListenerContainer-2] INFO  com.wang.web.listener.RedisKeyExpirationListener - 失效的Key是:lockKey
2023-03-22 14:35:25.181 [getRedisMessageListenerContainer-2] INFO  com.wang.web.listener.RedisKeyExpirationListener - 失效的Key是:lockKey
2023-03-22 14:36:48.752 [http-nio-8089-exec-1] INFO  o.a.c.core.ContainerBase.[Tomcat].[localhost].[/] - Initializing Spring DispatcherServlet 'dispatcherServlet'
2023-03-22 14:36:48.753 [http-nio-8089-exec-1] INFO  org.springframework.web.servlet.DispatcherServlet - Initializing Servlet 'dispatcherServlet'
2023-03-22 14:36:48.754 [http-nio-8089-exec-1] INFO  org.springframework.web.servlet.DispatcherServlet - Completed initialization in 1 ms
2023-03-22 14:36:49.898 [getRedisMessageListenerContainer-3] INFO  com.wang.web.listener.RedisKeyExpirationListener - 失效的Key是:lockKey
2023-03-22 14:36:49.898 [getRedisMessageListenerContainer-3] INFO  com.wang.web.listener.RedisKeyExpirationListener - 失效的Key是:lockKey
2023-03-22 14:36:52.309 [getRedisMessageListenerContainer-4] INFO  com.wang.web.listener.RedisKeyExpirationListener - 失效的Key是:lockKey
2023-03-22 14:36:52.309 [getRedisMessageListenerContainer-4] INFO  com.wang.web.listener.RedisKeyExpirationListener - 失效的Key是:lockKey
2023-03-22 14:37:20.001 [getRedisMessageListenerContainer-5] INFO  com.wang.web.listener.RedisKeyExpirationListener - 失效的Key是:lockKey
2023-03-22 14:37:20.001 [getRedisMessageListenerContainer-5] INFO  com.wang.web.listener.RedisKeyExpirationListener - 失效的Key是:lockKey
2023-03-22 14:37:22.417 [getRedisMessageListenerContainer-6] INFO  com.wang.web.listener.RedisKeyExpirationListener - 失效的Key是:lockKey
2023-03-22 14:37:22.417 [getRedisMessageListenerContainer-6] INFO  com.wang.web.listener.RedisKeyExpirationListener - 失效的Key是:lockKey
2023-03-22 14:44:41.790 [main] INFO  com.wang.web.WebapiApplication - Starting WebapiApplication using Java 11.0.18 on DESKTOP-32AM1JO with PID 11052 (C:\MyFile\project\Java\GK\wky\wky-webApi\target\classes started by 12636 in C:\MyFile\project\Java\GK\wky)
2023-03-22 14:44:41.795 [main] INFO  com.wang.web.WebapiApplication - No active profile set, falling back to 1 default profile: "default"
2023-03-22 14:44:42.874 [main] INFO  o.s.d.r.config.RepositoryConfigurationDelegate - Multiple Spring Data modules found, entering strict repository configuration mode
2023-03-22 14:44:42.876 [main] INFO  o.s.d.r.config.RepositoryConfigurationDelegate - Bootstrapping Spring Data Redis repositories in DEFAULT mode.
2023-03-22 14:44:42.911 [main] INFO  o.s.d.r.config.RepositoryConfigurationDelegate - Finished Spring Data repository scanning in 19 ms. Found 0 Redis repository interfaces.
2023-03-22 14:44:43.923 [main] INFO  o.s.boot.web.embedded.tomcat.TomcatWebServer - Tomcat initialized with port(s): 8089 (http)
2023-03-22 14:44:43.938 [main] INFO  org.apache.coyote.http11.Http11NioProtocol - Initializing ProtocolHandler ["http-nio-8089"]
2023-03-22 14:44:43.938 [main] INFO  org.apache.catalina.core.StandardService - Starting service [Tomcat]
2023-03-22 14:44:43.939 [main] INFO  org.apache.catalina.core.StandardEngine - Starting Servlet engine: [Apache Tomcat/9.0.64]
2023-03-22 14:44:44.077 [main] INFO  o.a.c.core.ContainerBase.[Tomcat].[localhost].[/] - Initializing Spring embedded WebApplicationContext
2023-03-22 14:44:44.077 [main] INFO  o.s.b.w.s.c.ServletWebServerApplicationContext - Root WebApplicationContext: initialization completed in 2177 ms
2023-03-22 14:44:44.739 [main] INFO  com.alibaba.druid.pool.DruidDataSource - {dataSource-1} inited
2023-03-22 14:44:45.631 [main] INFO  org.redisson.Version - Redisson 3.13.1
2023-03-22 14:44:46.359 [redisson-netty-2-4] INFO  o.r.connection.pool.MasterPubSubConnectionPool - 1 connections initialized for /127.0.0.1:6379
2023-03-22 14:44:46.366 [redisson-netty-2-19] INFO  org.redisson.connection.pool.MasterConnectionPool - 24 connections initialized for /127.0.0.1:6379
2023-03-22 14:44:47.496 [main] INFO  org.apache.coyote.http11.Http11NioProtocol - Starting ProtocolHandler ["http-nio-8089"]
2023-03-22 14:44:47.510 [main] INFO  o.s.boot.web.embedded.tomcat.TomcatWebServer - Tomcat started on port(s): 8089 (http) with context path ''
2023-03-22 14:44:47.518 [main] INFO  o.s.a.rabbit.connection.CachingConnectionFactory - Attempting to connect to: [127.0.0.1:5672]
2023-03-22 14:44:47.556 [main] INFO  o.s.a.rabbit.connection.CachingConnectionFactory - Created new connection: rabbitConnectionFactory#30d5fc1b:0/SimpleConnection@31e1c7c [delegate=amqp://guest@127.0.0.1:5672/, localPort= 52745]
2023-03-22 14:44:47.633 [main] INFO  com.wang.web.WebapiApplication - Started WebapiApplication in 6.66 seconds (JVM running for 8.799)
2023-03-22 14:44:52.789 [http-nio-8089-exec-1] INFO  o.a.c.core.ContainerBase.[Tomcat].[localhost].[/] - Initializing Spring DispatcherServlet 'dispatcherServlet'
2023-03-22 14:44:52.790 [http-nio-8089-exec-1] INFO  org.springframework.web.servlet.DispatcherServlet - Initializing Servlet 'dispatcherServlet'
2023-03-22 14:44:52.792 [http-nio-8089-exec-1] INFO  org.springframework.web.servlet.DispatcherServlet - Completed initialization in 2 ms
2023-03-22 14:44:54.043 [getRedisMessageListenerContainer-2] INFO  com.wang.web.listener.RedisKeyExpirationListener - 失效的Key是:lockKey
2023-03-22 14:45:28.412 [main] INFO  com.wang.web.WebapiApplication - Starting WebapiApplication using Java 11.0.18 on DESKTOP-32AM1JO with PID 10516 (C:\MyFile\project\Java\GK\wky\wky-webApi\target\classes started by 12636 in C:\MyFile\project\Java\GK\wky)
2023-03-22 14:45:28.416 [main] INFO  com.wang.web.WebapiApplication - No active profile set, falling back to 1 default profile: "default"
2023-03-22 14:45:29.309 [main] INFO  o.s.d.r.config.RepositoryConfigurationDelegate - Multiple Spring Data modules found, entering strict repository configuration mode
2023-03-22 14:45:29.311 [main] INFO  o.s.d.r.config.RepositoryConfigurationDelegate - Bootstrapping Spring Data Redis repositories in DEFAULT mode.
2023-03-22 14:45:29.345 [main] INFO  o.s.d.r.config.RepositoryConfigurationDelegate - Finished Spring Data repository scanning in 21 ms. Found 0 Redis repository interfaces.
2023-03-22 14:45:30.446 [main] INFO  o.s.boot.web.embedded.tomcat.TomcatWebServer - Tomcat initialized with port(s): 8089 (http)
2023-03-22 14:45:30.470 [main] INFO  org.apache.coyote.http11.Http11NioProtocol - Initializing ProtocolHandler ["http-nio-8089"]
2023-03-22 14:45:30.471 [main] INFO  org.apache.catalina.core.StandardService - Starting service [Tomcat]
2023-03-22 14:45:30.471 [main] INFO  org.apache.catalina.core.StandardEngine - Starting Servlet engine: [Apache Tomcat/9.0.64]
2023-03-22 14:45:30.685 [main] INFO  o.a.c.core.ContainerBase.[Tomcat].[localhost].[/] - Initializing Spring embedded WebApplicationContext
2023-03-22 14:45:30.686 [main] INFO  o.s.b.w.s.c.ServletWebServerApplicationContext - Root WebApplicationContext: initialization completed in 2209 ms
2023-03-22 14:45:31.233 [main] INFO  com.alibaba.druid.pool.DruidDataSource - {dataSource-1} inited
2023-03-22 14:45:32.111 [main] INFO  org.redisson.Version - Redisson 3.13.1
2023-03-22 14:45:32.815 [redisson-netty-2-11] INFO  o.r.connection.pool.MasterPubSubConnectionPool - 1 connections initialized for /127.0.0.1:6379
2023-03-22 14:45:32.823 [redisson-netty-2-19] INFO  org.redisson.connection.pool.MasterConnectionPool - 24 connections initialized for /127.0.0.1:6379
2023-03-22 14:45:33.825 [main] INFO  org.apache.coyote.http11.Http11NioProtocol - Starting ProtocolHandler ["http-nio-8089"]
2023-03-22 14:45:33.836 [main] INFO  o.s.boot.web.embedded.tomcat.TomcatWebServer - Tomcat started on port(s): 8089 (http) with context path ''
2023-03-22 14:45:33.844 [main] INFO  o.s.a.rabbit.connection.CachingConnectionFactory - Attempting to connect to: [127.0.0.1:5672]
2023-03-22 14:45:33.876 [main] INFO  o.s.a.rabbit.connection.CachingConnectionFactory - Created new connection: rabbitConnectionFactory#70d5d96b:0/SimpleConnection@67671db1 [delegate=amqp://guest@127.0.0.1:5672/, localPort= 52877]
2023-03-22 14:45:33.940 [main] INFO  com.wang.web.WebapiApplication - Started WebapiApplication in 6.137 seconds (JVM running for 8.331)
2023-03-22 14:45:54.377 [http-nio-8089-exec-1] INFO  o.a.c.core.ContainerBase.[Tomcat].[localhost].[/] - Initializing Spring DispatcherServlet 'dispatcherServlet'
2023-03-22 14:45:54.377 [http-nio-8089-exec-1] INFO  org.springframework.web.servlet.DispatcherServlet - Initializing Servlet 'dispatcherServlet'
2023-03-22 14:45:54.378 [http-nio-8089-exec-1] INFO  org.springframework.web.servlet.DispatcherServlet - Completed initialization in 1 ms
2023-03-22 14:55:19.457 [org.springframework.amqp.rabbit.RabbitListenerEndpointContainer#0-2] INFO  o.s.a.r.listener.SimpleMessageListenerContainer - Waiting for workers to finish.
2023-03-22 14:55:19.457 [org.springframework.amqp.rabbit.RabbitListenerEndpointContainer#0-2] INFO  o.s.a.r.listener.SimpleMessageListenerContainer - Successfully waited for workers to finish.
2023-03-22 14:55:19.714 [SpringApplicationShutdownHook] INFO  o.s.a.r.listener.SimpleMessageListenerContainer - Shutdown ignored - container is already stopped
2023-03-22 14:55:19.764 [SpringApplicationShutdownHook] INFO  com.alibaba.druid.pool.DruidDataSource - {dataSource-1} closing ...
2023-03-22 14:55:19.792 [SpringApplicationShutdownHook] INFO  com.alibaba.druid.pool.DruidDataSource - {dataSource-1} closed
2023-03-22 14:55:23.798 [main] INFO  com.wang.web.WebapiApplication - Starting WebapiApplication using Java 11.0.18 on DESKTOP-32AM1JO with PID 2168 (C:\MyFile\project\Java\GK\wky\wky-webApi\target\classes started by 12636 in C:\MyFile\project\Java\GK\wky)
2023-03-22 14:55:23.801 [main] INFO  com.wang.web.WebapiApplication - No active profile set, falling back to 1 default profile: "default"
2023-03-22 14:55:24.838 [main] INFO  o.s.d.r.config.RepositoryConfigurationDelegate - Multiple Spring Data modules found, entering strict repository configuration mode
2023-03-22 14:55:24.842 [main] INFO  o.s.d.r.config.RepositoryConfigurationDelegate - Bootstrapping Spring Data Redis repositories in DEFAULT mode.
2023-03-22 14:55:24.883 [main] INFO  o.s.d.r.config.RepositoryConfigurationDelegate - Finished Spring Data repository scanning in 21 ms. Found 0 Redis repository interfaces.
2023-03-22 14:55:26.005 [main] INFO  o.s.boot.web.embedded.tomcat.TomcatWebServer - Tomcat initialized with port(s): 8089 (http)
2023-03-22 14:55:26.023 [main] INFO  org.apache.coyote.http11.Http11NioProtocol - Initializing ProtocolHandler ["http-nio-8089"]
2023-03-22 14:55:26.023 [main] INFO  org.apache.catalina.core.StandardService - Starting service [Tomcat]
2023-03-22 14:55:26.024 [main] INFO  org.apache.catalina.core.StandardEngine - Starting Servlet engine: [Apache Tomcat/9.0.64]
2023-03-22 14:55:26.188 [main] INFO  o.a.c.core.ContainerBase.[Tomcat].[localhost].[/] - Initializing Spring embedded WebApplicationContext
2023-03-22 14:55:26.188 [main] INFO  o.s.b.w.s.c.ServletWebServerApplicationContext - Root WebApplicationContext: initialization completed in 2307 ms
2023-03-22 14:55:26.837 [main] INFO  com.alibaba.druid.pool.DruidDataSource - {dataSource-1} inited
2023-03-22 14:55:27.687 [main] INFO  org.redisson.Version - Redisson 3.13.1
2023-03-22 14:55:28.440 [redisson-netty-2-19] INFO  org.redisson.connection.pool.MasterConnectionPool - 24 connections initialized for /127.0.0.1:6379
2023-03-22 14:55:28.440 [redisson-netty-2-15] INFO  o.r.connection.pool.MasterPubSubConnectionPool - 1 connections initialized for /127.0.0.1:6379
2023-03-22 15:01:51.188 [main] INFO  com.wang.web.WebapiApplication - Starting WebapiApplication using Java 11.0.18 on DESKTOP-32AM1JO with PID 18392 (C:\MyFile\project\Java\GK\wky\wky-webApi\target\classes started by 12636 in C:\MyFile\project\Java\GK\wky)
2023-03-22 15:01:51.192 [main] INFO  com.wang.web.WebapiApplication - No active profile set, falling back to 1 default profile: "default"
2023-03-22 15:01:52.289 [main] INFO  o.s.d.r.config.RepositoryConfigurationDelegate - Multiple Spring Data modules found, entering strict repository configuration mode
2023-03-22 15:01:52.296 [main] INFO  o.s.d.r.config.RepositoryConfigurationDelegate - Bootstrapping Spring Data Redis repositories in DEFAULT mode.
2023-03-22 15:01:52.359 [main] INFO  o.s.d.r.config.RepositoryConfigurationDelegate - Finished Spring Data repository scanning in 30 ms. Found 0 Redis repository interfaces.
2023-03-22 15:01:53.512 [main] INFO  o.s.boot.web.embedded.tomcat.TomcatWebServer - Tomcat initialized with port(s): 8089 (http)
2023-03-22 15:01:53.527 [main] INFO  org.apache.coyote.http11.Http11NioProtocol - Initializing ProtocolHandler ["http-nio-8089"]
2023-03-22 15:01:53.527 [main] INFO  org.apache.catalina.core.StandardService - Starting service [Tomcat]
2023-03-22 15:01:53.528 [main] INFO  org.apache.catalina.core.StandardEngine - Starting Servlet engine: [Apache Tomcat/9.0.64]
2023-03-22 15:01:53.684 [main] INFO  o.a.c.core.ContainerBase.[Tomcat].[localhost].[/] - Initializing Spring embedded WebApplicationContext
2023-03-22 15:01:53.685 [main] INFO  o.s.b.w.s.c.ServletWebServerApplicationContext - Root WebApplicationContext: initialization completed in 2416 ms
2023-03-22 15:01:54.270 [main] INFO  com.alibaba.druid.pool.DruidDataSource - {dataSource-1} inited
2023-03-22 15:01:55.058 [main] INFO  org.redisson.Version - Redisson 3.13.1
2023-03-22 15:01:55.748 [redisson-netty-2-18] INFO  org.redisson.connection.pool.MasterConnectionPool - 24 connections initialized for /127.0.0.1:6379
2023-03-22 15:01:55.749 [redisson-netty-2-19] INFO  o.r.connection.pool.MasterPubSubConnectionPool - 1 connections initialized for /127.0.0.1:6379
2023-03-22 15:01:56.851 [main] INFO  org.apache.coyote.http11.Http11NioProtocol - Starting ProtocolHandler ["http-nio-8089"]
2023-03-22 15:01:56.867 [main] INFO  o.s.boot.web.embedded.tomcat.TomcatWebServer - Tomcat started on port(s): 8089 (http) with context path ''
2023-03-22 15:01:56.875 [main] INFO  o.s.a.rabbit.connection.CachingConnectionFactory - Attempting to connect to: [127.0.0.1:5672]
2023-03-22 15:01:56.912 [main] INFO  o.s.a.rabbit.connection.CachingConnectionFactory - Created new connection: rabbitConnectionFactory#20e3b165:0/SimpleConnection@3bdf6d63 [delegate=amqp://guest@127.0.0.1:5672/, localPort= 53842]
2023-03-22 15:01:56.990 [main] INFO  com.wang.web.WebapiApplication - Started WebapiApplication in 6.684 seconds (JVM running for 9.293)
2023-03-22 15:02:12.844 [http-nio-8089-exec-1] INFO  o.a.c.core.ContainerBase.[Tomcat].[localhost].[/] - Initializing Spring DispatcherServlet 'dispatcherServlet'
2023-03-22 15:02:12.845 [http-nio-8089-exec-1] INFO  org.springframework.web.servlet.DispatcherServlet - Initializing Servlet 'dispatcherServlet'
2023-03-22 15:02:12.847 [http-nio-8089-exec-1] INFO  org.springframework.web.servlet.DispatcherServlet - Completed initialization in 2 ms
2023-03-22 15:12:21.927 [main] INFO  com.wang.web.WebapiApplication - Starting WebapiApplication using Java 11.0.18 on DESKTOP-32AM1JO with PID 3088 (C:\MyFile\project\Java\GK\wky\wky-webApi\target\classes started by 12636 in C:\MyFile\project\Java\GK\wky)
2023-03-22 15:12:21.931 [main] INFO  com.wang.web.WebapiApplication - No active profile set, falling back to 1 default profile: "default"
2023-03-22 15:12:22.834 [main] INFO  o.s.d.r.config.RepositoryConfigurationDelegate - Multiple Spring Data modules found, entering strict repository configuration mode
2023-03-22 15:12:22.836 [main] INFO  o.s.d.r.config.RepositoryConfigurationDelegate - Bootstrapping Spring Data Redis repositories in DEFAULT mode.
2023-03-22 15:12:22.870 [main] INFO  o.s.d.r.config.RepositoryConfigurationDelegate - Finished Spring Data repository scanning in 19 ms. Found 0 Redis repository interfaces.
2023-03-22 15:12:23.874 [main] INFO  o.s.boot.web.embedded.tomcat.TomcatWebServer - Tomcat initialized with port(s): 8089 (http)
2023-03-22 15:12:23.889 [main] INFO  org.apache.coyote.http11.Http11NioProtocol - Initializing ProtocolHandler ["http-nio-8089"]
2023-03-22 15:12:23.889 [main] INFO  org.apache.catalina.core.StandardService - Starting service [Tomcat]
2023-03-22 15:12:23.890 [main] INFO  org.apache.catalina.core.StandardEngine - Starting Servlet engine: [Apache Tomcat/9.0.64]
2023-03-22 15:12:24.029 [main] INFO  o.a.c.core.ContainerBase.[Tomcat].[localhost].[/] - Initializing Spring embedded WebApplicationContext
2023-03-22 15:12:24.029 [main] INFO  o.s.b.w.s.c.ServletWebServerApplicationContext - Root WebApplicationContext: initialization completed in 2036 ms
2023-03-22 15:12:24.667 [main] INFO  com.alibaba.druid.pool.DruidDataSource - {dataSource-1} inited
2023-03-22 15:12:25.527 [main] INFO  org.redisson.Version - Redisson 3.13.1
2023-03-22 15:12:26.214 [redisson-netty-2-4] INFO  o.r.connection.pool.MasterPubSubConnectionPool - 1 connections initialized for /127.0.0.1:6379
2023-03-22 15:12:26.218 [redisson-netty-2-19] INFO  org.redisson.connection.pool.MasterConnectionPool - 24 connections initialized for /127.0.0.1:6379
2023-03-22 15:12:27.397 [main] INFO  org.apache.coyote.http11.Http11NioProtocol - Starting ProtocolHandler ["http-nio-8089"]
2023-03-22 15:12:27.411 [main] INFO  o.s.boot.web.embedded.tomcat.TomcatWebServer - Tomcat started on port(s): 8089 (http) with context path ''
2023-03-22 15:12:27.420 [main] INFO  o.s.a.rabbit.connection.CachingConnectionFactory - Attempting to connect to: [127.0.0.1:5672]
2023-03-22 15:12:27.461 [main] INFO  o.s.a.rabbit.connection.CachingConnectionFactory - Created new connection: rabbitConnectionFactory#39a9becc:0/SimpleConnection@1455a374 [delegate=amqp://guest@127.0.0.1:5672/, localPort= 54276]
2023-03-22 15:12:27.541 [main] INFO  com.wang.web.WebapiApplication - Started WebapiApplication in 6.467 seconds (JVM running for 8.549)
2023-03-22 15:12:53.355 [http-nio-8089-exec-1] INFO  o.a.c.core.ContainerBase.[Tomcat].[localhost].[/] - Initializing Spring DispatcherServlet 'dispatcherServlet'
2023-03-22 15:12:53.355 [http-nio-8089-exec-1] INFO  org.springframework.web.servlet.DispatcherServlet - Initializing Servlet 'dispatcherServlet'
2023-03-22 15:12:53.356 [http-nio-8089-exec-1] INFO  org.springframework.web.servlet.DispatcherServlet - Completed initialization in 1 ms
2023-03-22 15:15:44.350 [main] INFO  com.wang.web.WebapiApplication - Starting WebapiApplication using Java 11.0.18 on DESKTOP-32AM1JO with PID 18352 (C:\MyFile\project\Java\GK\wky\wky-webApi\target\classes started by 12636 in C:\MyFile\project\Java\GK\wky)
2023-03-22 15:15:44.353 [main] INFO  com.wang.web.WebapiApplication - No active profile set, falling back to 1 default profile: "default"
2023-03-22 15:15:45.288 [main] INFO  o.s.d.r.config.RepositoryConfigurationDelegate - Multiple Spring Data modules found, entering strict repository configuration mode
2023-03-22 15:15:45.291 [main] INFO  o.s.d.r.config.RepositoryConfigurationDelegate - Bootstrapping Spring Data Redis repositories in DEFAULT mode.
2023-03-22 15:15:45.325 [main] INFO  o.s.d.r.config.RepositoryConfigurationDelegate - Finished Spring Data repository scanning in 19 ms. Found 0 Redis repository interfaces.
2023-03-22 15:15:46.372 [main] INFO  o.s.boot.web.embedded.tomcat.TomcatWebServer - Tomcat initialized with port(s): 8089 (http)
2023-03-22 15:15:46.389 [main] INFO  org.apache.coyote.http11.Http11NioProtocol - Initializing ProtocolHandler ["http-nio-8089"]
2023-03-22 15:15:46.389 [main] INFO  org.apache.catalina.core.StandardService - Starting service [Tomcat]
2023-03-22 15:15:46.389 [main] INFO  org.apache.catalina.core.StandardEngine - Starting Servlet engine: [Apache Tomcat/9.0.64]
2023-03-22 15:15:46.531 [main] INFO  o.a.c.core.ContainerBase.[Tomcat].[localhost].[/] - Initializing Spring embedded WebApplicationContext
2023-03-22 15:15:46.531 [main] INFO  o.s.b.w.s.c.ServletWebServerApplicationContext - Root WebApplicationContext: initialization completed in 2114 ms
2023-03-22 15:15:47.140 [main] INFO  com.alibaba.druid.pool.DruidDataSource - {dataSource-1} inited
2023-03-22 15:15:47.979 [main] INFO  org.redisson.Version - Redisson 3.13.1
2023-03-22 15:15:48.706 [redisson-netty-2-18] INFO  o.r.connection.pool.MasterPubSubConnectionPool - 1 connections initialized for /127.0.0.1:6379
2023-03-22 15:15:48.706 [redisson-netty-2-19] INFO  org.redisson.connection.pool.MasterConnectionPool - 24 connections initialized for /127.0.0.1:6379
2023-03-22 15:15:49.911 [main] INFO  org.apache.coyote.http11.Http11NioProtocol - Starting ProtocolHandler ["http-nio-8089"]
2023-03-22 15:15:49.926 [main] INFO  o.s.boot.web.embedded.tomcat.TomcatWebServer - Tomcat started on port(s): 8089 (http) with context path ''
2023-03-22 15:15:49.934 [main] INFO  o.s.a.rabbit.connection.CachingConnectionFactory - Attempting to connect to: [127.0.0.1:5672]
2023-03-22 15:15:49.974 [main] INFO  o.s.a.rabbit.connection.CachingConnectionFactory - Created new connection: rabbitConnectionFactory#768e40af:0/SimpleConnection@4a0a93ce [delegate=amqp://guest@127.0.0.1:5672/, localPort= 54553]
2023-03-22 15:15:50.054 [main] INFO  com.wang.web.WebapiApplication - Started WebapiApplication in 6.546 seconds (JVM running for 8.579)
2023-03-22 15:15:54.716 [http-nio-8089-exec-7] INFO  o.a.c.core.ContainerBase.[Tomcat].[localhost].[/] - Initializing Spring DispatcherServlet 'dispatcherServlet'
2023-03-22 15:15:54.716 [http-nio-8089-exec-7] INFO  org.springframework.web.servlet.DispatcherServlet - Initializing Servlet 'dispatcherServlet'
2023-03-22 15:15:54.718 [http-nio-8089-exec-7] INFO  org.springframework.web.servlet.DispatcherServlet - Completed initialization in 1 ms
2023-03-22 16:15:50.236 [getRedisMessageListenerContainer-2] INFO  com.wang.web.listener.RedisKeyExpirationListener - 失效的Key是:语文书
