2023-03-15 16:49:49.699 [main] INFO  com.wang.web.WebapiApplication - Starting WebapiApplication using Java 11.0.18 on DESKTOP-32AM1JO with PID 9056 (C:\MyFile\project\Java\GK\wky\wky-webApi\target\classes started by 12636 in C:\MyFile\project\Java\GK\wky)
2023-03-15 16:49:49.706 [main] INFO  com.wang.web.WebapiApplication - No active profile set, falling back to 1 default profile: "default"
2023-03-15 16:49:51.534 [main] INFO  o.s.d.r.config.RepositoryConfigurationDelegate - Multiple Spring Data modules found, entering strict repository configuration mode
2023-03-15 16:49:51.538 [main] INFO  o.s.d.r.config.RepositoryConfigurationDelegate - Bootstrapping Spring Data Redis repositories in DEFAULT mode.
2023-03-15 16:49:51.615 [main] INFO  o.s.d.r.config.RepositoryConfigurationDelegate - Finished Spring Data repository scanning in 18 ms. Found 0 Redis repository interfaces.
2023-03-15 16:49:53.091 [main] INFO  o.s.boot.web.embedded.tomcat.TomcatWebServer - Tomcat initialized with port(s): 8088 (http)
2023-03-15 16:49:53.130 [main] INFO  org.apache.coyote.http11.Http11NioProtocol - Initializing ProtocolHandler ["http-nio-8088"]
2023-03-15 16:49:53.130 [main] INFO  org.apache.catalina.core.StandardService - Starting service [Tomcat]
2023-03-15 16:49:53.131 [main] INFO  org.apache.catalina.core.StandardEngine - Starting Servlet engine: [Apache Tomcat/9.0.64]
2023-03-15 16:49:53.293 [main] INFO  o.a.c.core.ContainerBase.[Tomcat].[localhost].[/] - Initializing Spring embedded WebApplicationContext
2023-03-15 16:49:53.294 [main] INFO  o.s.b.w.s.c.ServletWebServerApplicationContext - Root WebApplicationContext: initialization completed in 3501 ms
2023-03-15 16:49:53.931 [main] INFO  com.alibaba.druid.pool.DruidDataSource - {dataSource-1} inited
2023-03-15 16:49:54.599 [main] INFO  com.alibaba.druid.pool.DruidDataSource - {dataSource-1} closing ...
2023-03-15 16:49:54.606 [main] INFO  com.alibaba.druid.pool.DruidDataSource - {dataSource-1} closed
2023-03-15 16:49:54.610 [main] INFO  org.apache.catalina.core.StandardService - Stopping service [Tomcat]
2023-03-15 16:49:54.661 [main] INFO  o.s.b.a.l.ConditionEvaluationReportLoggingListener - 

Error starting ApplicationContext. To display the conditions report re-run your application with 'debug' enabled.
2023-03-15 16:52:38.484 [main] INFO  com.wang.web.WebapiApplication - Starting WebapiApplication using Java 11.0.18 on DESKTOP-32AM1JO with PID 20224 (C:\MyFile\project\Java\GK\wky\wky-webApi\target\classes started by 12636 in C:\MyFile\project\Java\GK\wky)
2023-03-15 16:52:38.487 [main] INFO  com.wang.web.WebapiApplication - No active profile set, falling back to 1 default profile: "default"
2023-03-15 16:52:39.779 [main] INFO  o.s.d.r.config.RepositoryConfigurationDelegate - Multiple Spring Data modules found, entering strict repository configuration mode
2023-03-15 16:52:39.783 [main] INFO  o.s.d.r.config.RepositoryConfigurationDelegate - Bootstrapping Spring Data Redis repositories in DEFAULT mode.
2023-03-15 16:52:39.852 [main] INFO  o.s.d.r.config.RepositoryConfigurationDelegate - Finished Spring Data repository scanning in 19 ms. Found 0 Redis repository interfaces.
2023-03-15 16:52:41.002 [main] INFO  o.s.boot.web.embedded.tomcat.TomcatWebServer - Tomcat initialized with port(s): 8088 (http)
2023-03-15 16:52:41.038 [main] INFO  org.apache.coyote.http11.Http11NioProtocol - Initializing ProtocolHandler ["http-nio-8088"]
2023-03-15 16:52:41.039 [main] INFO  org.apache.catalina.core.StandardService - Starting service [Tomcat]
2023-03-15 16:52:41.039 [main] INFO  org.apache.catalina.core.StandardEngine - Starting Servlet engine: [Apache Tomcat/9.0.64]
2023-03-15 16:52:41.174 [main] INFO  o.a.c.core.ContainerBase.[Tomcat].[localhost].[/] - Initializing Spring embedded WebApplicationContext
2023-03-15 16:52:41.174 [main] INFO  o.s.b.w.s.c.ServletWebServerApplicationContext - Root WebApplicationContext: initialization completed in 2616 ms
2023-03-15 16:52:41.617 [main] INFO  com.alibaba.druid.pool.DruidDataSource - {dataSource-1} inited
2023-03-15 16:52:42.120 [main] INFO  com.alibaba.druid.pool.DruidDataSource - {dataSource-1} closing ...
2023-03-15 16:52:42.125 [main] INFO  com.alibaba.druid.pool.DruidDataSource - {dataSource-1} closed
2023-03-15 16:52:42.131 [main] INFO  org.apache.catalina.core.StandardService - Stopping service [Tomcat]
2023-03-15 16:52:42.146 [main] INFO  o.s.b.a.l.ConditionEvaluationReportLoggingListener - 

Error starting ApplicationContext. To display the conditions report re-run your application with 'debug' enabled.
2023-03-15 16:53:34.311 [main] INFO  com.wang.web.WebapiApplication - Starting WebapiApplication using Java 11.0.18 on DESKTOP-32AM1JO with PID 372 (C:\MyFile\project\Java\GK\wky\wky-webApi\target\classes started by 12636 in C:\MyFile\project\Java\GK\wky)
2023-03-15 16:53:34.314 [main] INFO  com.wang.web.WebapiApplication - No active profile set, falling back to 1 default profile: "default"
2023-03-15 16:53:35.481 [main] INFO  o.s.d.r.config.RepositoryConfigurationDelegate - Multiple Spring Data modules found, entering strict repository configuration mode
2023-03-15 16:53:35.484 [main] INFO  o.s.d.r.config.RepositoryConfigurationDelegate - Bootstrapping Spring Data Redis repositories in DEFAULT mode.
2023-03-15 16:53:35.556 [main] INFO  o.s.d.r.config.RepositoryConfigurationDelegate - Finished Spring Data repository scanning in 16 ms. Found 0 Redis repository interfaces.
2023-03-15 16:53:36.602 [main] INFO  o.s.boot.web.embedded.tomcat.TomcatWebServer - Tomcat initialized with port(s): 8088 (http)
2023-03-15 16:53:36.631 [main] INFO  org.apache.coyote.http11.Http11NioProtocol - Initializing ProtocolHandler ["http-nio-8088"]
2023-03-15 16:53:36.632 [main] INFO  org.apache.catalina.core.StandardService - Starting service [Tomcat]
2023-03-15 16:53:36.633 [main] INFO  org.apache.catalina.core.StandardEngine - Starting Servlet engine: [Apache Tomcat/9.0.64]
2023-03-15 16:53:36.810 [main] INFO  o.a.c.core.ContainerBase.[Tomcat].[localhost].[/] - Initializing Spring embedded WebApplicationContext
2023-03-15 16:53:36.811 [main] INFO  o.s.b.w.s.c.ServletWebServerApplicationContext - Root WebApplicationContext: initialization completed in 2434 ms
2023-03-15 16:53:37.266 [main] INFO  com.alibaba.druid.pool.DruidDataSource - {dataSource-1} inited
2023-03-15 16:53:37.713 [main] INFO  com.alibaba.druid.pool.DruidDataSource - {dataSource-1} closing ...
2023-03-15 16:53:37.718 [main] INFO  com.alibaba.druid.pool.DruidDataSource - {dataSource-1} closed
2023-03-15 16:53:37.724 [main] INFO  org.apache.catalina.core.StandardService - Stopping service [Tomcat]
2023-03-15 16:53:37.738 [main] INFO  o.s.b.a.l.ConditionEvaluationReportLoggingListener - 

Error starting ApplicationContext. To display the conditions report re-run your application with 'debug' enabled.
2023-03-15 16:54:11.078 [main] INFO  com.wang.web.WebapiApplication - Starting WebapiApplication using Java 11.0.18 on DESKTOP-32AM1JO with PID 8624 (C:\MyFile\project\Java\GK\wky\wky-webApi\target\classes started by 12636 in C:\MyFile\project\Java\GK\wky)
2023-03-15 16:54:11.081 [main] INFO  com.wang.web.WebapiApplication - No active profile set, falling back to 1 default profile: "default"
2023-03-15 16:54:12.206 [main] INFO  o.s.d.r.config.RepositoryConfigurationDelegate - Multiple Spring Data modules found, entering strict repository configuration mode
2023-03-15 16:54:12.209 [main] INFO  o.s.d.r.config.RepositoryConfigurationDelegate - Bootstrapping Spring Data Redis repositories in DEFAULT mode.
2023-03-15 16:54:12.274 [main] INFO  o.s.d.r.config.RepositoryConfigurationDelegate - Finished Spring Data repository scanning in 20 ms. Found 0 Redis repository interfaces.
2023-03-15 16:54:13.328 [main] INFO  o.s.boot.web.embedded.tomcat.TomcatWebServer - Tomcat initialized with port(s): 8088 (http)
2023-03-15 16:54:13.358 [main] INFO  org.apache.coyote.http11.Http11NioProtocol - Initializing ProtocolHandler ["http-nio-8088"]
2023-03-15 16:54:13.358 [main] INFO  org.apache.catalina.core.StandardService - Starting service [Tomcat]
2023-03-15 16:54:13.358 [main] INFO  org.apache.catalina.core.StandardEngine - Starting Servlet engine: [Apache Tomcat/9.0.64]
2023-03-15 16:54:13.503 [main] INFO  o.a.c.core.ContainerBase.[Tomcat].[localhost].[/] - Initializing Spring embedded WebApplicationContext
2023-03-15 16:54:13.503 [main] INFO  o.s.b.w.s.c.ServletWebServerApplicationContext - Root WebApplicationContext: initialization completed in 2356 ms
2023-03-15 16:54:13.997 [main] INFO  com.alibaba.druid.pool.DruidDataSource - {dataSource-1} inited
2023-03-15 16:54:14.454 [main] INFO  com.alibaba.druid.pool.DruidDataSource - {dataSource-1} closing ...
2023-03-15 16:54:14.459 [main] INFO  com.alibaba.druid.pool.DruidDataSource - {dataSource-1} closed
2023-03-15 16:54:14.463 [main] INFO  org.apache.catalina.core.StandardService - Stopping service [Tomcat]
2023-03-15 16:54:14.479 [main] INFO  o.s.b.a.l.ConditionEvaluationReportLoggingListener - 

Error starting ApplicationContext. To display the conditions report re-run your application with 'debug' enabled.
2023-03-15 16:54:31.133 [main] INFO  com.wang.web.WebapiApplication - Starting WebapiApplication using Java 11.0.18 on DESKTOP-32AM1JO with PID 21656 (C:\MyFile\project\Java\GK\wky\wky-webApi\target\classes started by 12636 in C:\MyFile\project\Java\GK\wky)
2023-03-15 16:54:31.136 [main] INFO  com.wang.web.WebapiApplication - No active profile set, falling back to 1 default profile: "default"
2023-03-15 16:54:32.245 [main] INFO  o.s.d.r.config.RepositoryConfigurationDelegate - Multiple Spring Data modules found, entering strict repository configuration mode
2023-03-15 16:54:32.248 [main] INFO  o.s.d.r.config.RepositoryConfigurationDelegate - Bootstrapping Spring Data Redis repositories in DEFAULT mode.
2023-03-15 16:54:32.322 [main] INFO  o.s.d.r.config.RepositoryConfigurationDelegate - Finished Spring Data repository scanning in 16 ms. Found 0 Redis repository interfaces.
2023-03-15 16:54:33.314 [main] INFO  o.s.boot.web.embedded.tomcat.TomcatWebServer - Tomcat initialized with port(s): 8088 (http)
2023-03-15 16:54:33.344 [main] INFO  org.apache.coyote.http11.Http11NioProtocol - Initializing ProtocolHandler ["http-nio-8088"]
2023-03-15 16:54:33.345 [main] INFO  org.apache.catalina.core.StandardService - Starting service [Tomcat]
2023-03-15 16:54:33.345 [main] INFO  org.apache.catalina.core.StandardEngine - Starting Servlet engine: [Apache Tomcat/9.0.64]
2023-03-15 16:54:33.497 [main] INFO  o.a.c.core.ContainerBase.[Tomcat].[localhost].[/] - Initializing Spring embedded WebApplicationContext
2023-03-15 16:54:33.497 [main] INFO  o.s.b.w.s.c.ServletWebServerApplicationContext - Root WebApplicationContext: initialization completed in 2290 ms
2023-03-15 16:54:33.977 [main] INFO  com.alibaba.druid.pool.DruidDataSource - {dataSource-1} inited
2023-03-15 16:54:34.429 [main] INFO  com.alibaba.druid.pool.DruidDataSource - {dataSource-1} closing ...
2023-03-15 16:54:34.435 [main] INFO  com.alibaba.druid.pool.DruidDataSource - {dataSource-1} closed
2023-03-15 16:54:34.439 [main] INFO  org.apache.catalina.core.StandardService - Stopping service [Tomcat]
2023-03-15 16:54:34.455 [main] INFO  o.s.b.a.l.ConditionEvaluationReportLoggingListener - 

Error starting ApplicationContext. To display the conditions report re-run your application with 'debug' enabled.
2023-03-15 16:58:16.207 [main] INFO  com.wang.web.WebapiApplication - Starting WebapiApplication using Java 11.0.18 on DESKTOP-32AM1JO with PID 6868 (C:\MyFile\project\Java\GK\wky\wky-webApi\target\classes started by 12636 in C:\MyFile\project\Java\GK\wky)
2023-03-15 16:58:16.211 [main] INFO  com.wang.web.WebapiApplication - No active profile set, falling back to 1 default profile: "default"
2023-03-15 16:58:17.383 [main] INFO  o.s.d.r.config.RepositoryConfigurationDelegate - Multiple Spring Data modules found, entering strict repository configuration mode
2023-03-15 16:58:17.386 [main] INFO  o.s.d.r.config.RepositoryConfigurationDelegate - Bootstrapping Spring Data Redis repositories in DEFAULT mode.
2023-03-15 16:58:17.444 [main] INFO  o.s.d.r.config.RepositoryConfigurationDelegate - Finished Spring Data repository scanning in 16 ms. Found 0 Redis repository interfaces.
2023-03-15 16:58:18.492 [main] INFO  o.s.boot.web.embedded.tomcat.TomcatWebServer - Tomcat initialized with port(s): 8088 (http)
2023-03-15 16:58:18.524 [main] INFO  org.apache.coyote.http11.Http11NioProtocol - Initializing ProtocolHandler ["http-nio-8088"]
2023-03-15 16:58:18.524 [main] INFO  org.apache.catalina.core.StandardService - Starting service [Tomcat]
2023-03-15 16:58:18.524 [main] INFO  org.apache.catalina.core.StandardEngine - Starting Servlet engine: [Apache Tomcat/9.0.64]
2023-03-15 16:58:18.684 [main] INFO  o.a.c.core.ContainerBase.[Tomcat].[localhost].[/] - Initializing Spring embedded WebApplicationContext
2023-03-15 16:58:18.684 [main] INFO  o.s.b.w.s.c.ServletWebServerApplicationContext - Root WebApplicationContext: initialization completed in 2407 ms
2023-03-15 16:58:19.166 [main] INFO  com.alibaba.druid.pool.DruidDataSource - {dataSource-1} inited
2023-03-15 16:58:21.602 [main] INFO  org.apache.coyote.http11.Http11NioProtocol - Starting ProtocolHandler ["http-nio-8088"]
2023-03-15 16:58:21.644 [main] INFO  o.s.boot.web.embedded.tomcat.TomcatWebServer - Tomcat started on port(s): 8088 (http) with context path ''
2023-03-15 16:58:21.654 [main] INFO  com.wang.web.WebapiApplication - Started WebapiApplication in 6.866 seconds (JVM running for 9.196)
2023-03-15 16:58:46.762 [http-nio-8088-exec-1] INFO  o.a.c.core.ContainerBase.[Tomcat].[localhost].[/] - Initializing Spring DispatcherServlet 'dispatcherServlet'
2023-03-15 16:58:46.762 [http-nio-8088-exec-1] INFO  org.springframework.web.servlet.DispatcherServlet - Initializing Servlet 'dispatcherServlet'
2023-03-15 16:58:46.764 [http-nio-8088-exec-1] INFO  org.springframework.web.servlet.DispatcherServlet - Completed initialization in 1 ms
2023-03-15 16:58:46.979 [http-nio-8088-exec-1] INFO  com.wang.payment.payapi.WechatPayServiceImpl - ddddddddwx6a4803b779653fbe
